01-07 10:39:08.652 [1;31mERROR[0;39m --- [[1;32mThread-25[0;39m] [36mTimerThread.stop[0;39m: TimerThread:stop=å…¨å±€åŒæ­¥çº¿ç¨‹:Hall2GateClient=flag=1  
01-07 10:39:08.641 [1;31mERROR[0;39m --- [[1;32mNioProcessor-14[0;39m] [36mDefaultProtocolHandler.exceptionCaught[0;39m: è¿žæŽ¥(0x00000003: nio socket, client, /127.0.0.1:57485 => /127.0.0.1:8003)å¼‚å¸¸ï¼š{}  
java.io.IOException: Connection reset by peer
	at sun.nio.ch.FileDispatcherImpl.read0(Native Method)
	at sun.nio.ch.SocketDispatcher.read(SocketDispatcher.java:39)
	at sun.nio.ch.IOUtil.readIntoNativeBuffer(IOUtil.java:223)
	at sun.nio.ch.IOUtil.read(IOUtil.java:197)
	at sun.nio.ch.SocketChannelImpl.read(SocketChannelImpl.java:380)
	at org.apache.mina.transport.socket.nio.NioProcessor.read(NioProcessor.java:317)
	at org.apache.mina.transport.socket.nio.NioProcessor.read(NioProcessor.java:45)
	at org.apache.mina.core.polling.AbstractPollingIoProcessor.read(AbstractPollingIoProcessor.java:683)
	at org.apache.mina.core.polling.AbstractPollingIoProcessor.process(AbstractPollingIoProcessor.java:659)
	at org.apache.mina.core.polling.AbstractPollingIoProcessor.process(AbstractPollingIoProcessor.java:648)
	at org.apache.mina.core.polling.AbstractPollingIoProcessor.access$600(AbstractPollingIoProcessor.java:68)
	at org.apache.mina.core.polling.AbstractPollingIoProcessor$Processor.run(AbstractPollingIoProcessor.java:1120)
	at org.apache.mina.util.NamePreservingRunnable.run(NamePreservingRunnable.java:64)
	at java.util.concurrent.ThreadPoolExecutor.runWorker(ThreadPoolExecutor.java:1149)
	at java.util.concurrent.ThreadPoolExecutor$Worker.run(ThreadPoolExecutor.java:624)
	at java.lang.Thread.run(Thread.java:748)
01-07 10:39:12.406 [1;31mERROR[0;39m --- [[1;32mNioProcessor-6[0;39m] [36mDefaultProtocolHandler.exceptionCaught[0;39m: è¿žæŽ¥(0x00000005: nio socket, client, /127.0.0.1:57843 => /127.0.0.1:8000)å¼‚å¸¸ï¼š{}  
java.io.IOException: Connection reset by peer
	at sun.nio.ch.FileDispatcherImpl.read0(Native Method)
	at sun.nio.ch.SocketDispatcher.read(SocketDispatcher.java:39)
	at sun.nio.ch.IOUtil.readIntoNativeBuffer(IOUtil.java:223)
	at sun.nio.ch.IOUtil.read(IOUtil.java:197)
	at sun.nio.ch.SocketChannelImpl.read(SocketChannelImpl.java:380)
	at org.apache.mina.transport.socket.nio.NioProcessor.read(NioProcessor.java:317)
	at org.apache.mina.transport.socket.nio.NioProcessor.read(NioProcessor.java:45)
	at org.apache.mina.core.polling.AbstractPollingIoProcessor.read(AbstractPollingIoProcessor.java:683)
	at org.apache.mina.core.polling.AbstractPollingIoProcessor.process(AbstractPollingIoProcessor.java:659)
	at org.apache.mina.core.polling.AbstractPollingIoProcessor.process(AbstractPollingIoProcessor.java:648)
	at org.apache.mina.core.polling.AbstractPollingIoProcessor.access$600(AbstractPollingIoProcessor.java:68)
	at org.apache.mina.core.polling.AbstractPollingIoProcessor$Processor.run(AbstractPollingIoProcessor.java:1120)
	at org.apache.mina.util.NamePreservingRunnable.run(NamePreservingRunnable.java:64)
	at java.util.concurrent.ThreadPoolExecutor.runWorker(ThreadPoolExecutor.java:1149)
	at java.util.concurrent.ThreadPoolExecutor$Worker.run(ThreadPoolExecutor.java:624)
	at java.lang.Thread.run(Thread.java:748)
01-07 14:14:03.431 [1;31mERROR[0;39m --- [[1;32må…¨å±€åŒæ­¥çº¿ç¨‹:ClusterTcpServer[0;39m] [36mTimerThread.start[0;39m: TimerThread:end=å…¨å±€åŒæ­¥çº¿ç¨‹:ClusterTcpServer=heart=1000  
01-07 14:14:40.040 [1;31mERROR[0;39m --- [[1;32må…¨å±€åŒæ­¥çº¿ç¨‹:GateTcpUserServer[0;39m] [36mTimerThread.start[0;39m: TimerThread:end=å…¨å±€åŒæ­¥çº¿ç¨‹:GateTcpUserServer=heart=1000  
01-07 14:15:03.772 [1;31mERROR[0;39m --- [[1;32mThread-43[0;39m] [36mTimerThread.stop[0;39m: TimerThread:stop=å…¨å±€åŒæ­¥çº¿ç¨‹:ClusterTcpServer=flag=1  
01-07 14:15:03.905 [1;31mERROR[0;39m --- [[1;32mThread-37[0;39m] [36mTimerThread.stop[0;39m: TimerThread:stop=å…¨å±€åŒæ­¥çº¿ç¨‹:GateTcpUserServer=flag=1  
01-07 14:16:01.165 [1;31mERROR[0;39m --- [[1;32må…¨å±€åŒæ­¥çº¿ç¨‹:ClusterTcpServer[0;39m] [36mTimerThread.start[0;39m: TimerThread:end=å…¨å±€åŒæ­¥çº¿ç¨‹:ClusterTcpServer=heart=1000  
01-07 14:16:10.530 [1;31mERROR[0;39m --- [[1;32må…¨å±€åŒæ­¥çº¿ç¨‹:GateTcpUserServer[0;39m] [36mTimerThread.start[0;39m: TimerThread:end=å…¨å±€åŒæ­¥çº¿ç¨‹:GateTcpUserServer=heart=1000  
01-07 14:16:58.753 [1;31mERROR[0;39m --- [[1;32må…¨å±€åŒæ­¥çº¿ç¨‹:Hall2GateClient[0;39m] [36mTimerThread.start[0;39m: TimerThread:end=å…¨å±€åŒæ­¥çº¿ç¨‹:Hall2GateClient=heart=1000  
01-07 14:20:18.099 [1;31mERROR[0;39m --- [[1;32mThread-74[0;39m] [36mTimerThread.stop[0;39m: TimerThread:stop=å…¨å±€åŒæ­¥çº¿ç¨‹:ClusterTcpServer=flag=1  
01-07 14:20:18.413 [1;31mERROR[0;39m --- [[1;32mThread-54[0;39m] [36mTimerThread.stop[0;39m: TimerThread:stop=å…¨å±€åŒæ­¥çº¿ç¨‹:GateTcpUserServer=flag=1  
01-07 14:20:18.490 [1;31mERROR[0;39m --- [[1;32mNioProcessor-14[0;39m] [36mDefaultProtocolHandler.exceptionCaught[0;39m: è¿žæŽ¥(0x00000003: nio socket, client, /127.0.0.1:54223 => /127.0.0.1:8003)å¼‚å¸¸ï¼š{}  
java.io.IOException: Connection reset by peer
	at sun.nio.ch.FileDispatcherImpl.read0(Native Method)
	at sun.nio.ch.SocketDispatcher.read(SocketDispatcher.java:39)
	at sun.nio.ch.IOUtil.readIntoNativeBuffer(IOUtil.java:223)
	at sun.nio.ch.IOUtil.read(IOUtil.java:197)
	at sun.nio.ch.SocketChannelImpl.read(SocketChannelImpl.java:380)
	at org.apache.mina.transport.socket.nio.NioProcessor.read(NioProcessor.java:317)
	at org.apache.mina.transport.socket.nio.NioProcessor.read(NioProcessor.java:45)
	at org.apache.mina.core.polling.AbstractPollingIoProcessor.read(AbstractPollingIoProcessor.java:683)
	at org.apache.mina.core.polling.AbstractPollingIoProcessor.process(AbstractPollingIoProcessor.java:659)
	at org.apache.mina.core.polling.AbstractPollingIoProcessor.process(AbstractPollingIoProcessor.java:648)
	at org.apache.mina.core.polling.AbstractPollingIoProcessor.access$600(AbstractPollingIoProcessor.java:68)
	at org.apache.mina.core.polling.AbstractPollingIoProcessor$Processor.run(AbstractPollingIoProcessor.java:1120)
	at org.apache.mina.util.NamePreservingRunnable.run(NamePreservingRunnable.java:64)
	at java.util.concurrent.ThreadPoolExecutor.runWorker(ThreadPoolExecutor.java:1149)
	at java.util.concurrent.ThreadPoolExecutor$Worker.run(ThreadPoolExecutor.java:624)
	at java.lang.Thread.run(Thread.java:748)
01-07 14:20:18.731 [1;31mERROR[0;39m --- [[1;32mThread-38[0;39m] [36mTimerThread.stop[0;39m: TimerThread:stop=å…¨å±€åŒæ­¥çº¿ç¨‹:Hall2GateClient=flag=1  
01-07 14:20:18.929 [1;31mERROR[0;39m --- [[1;32mNioProcessor-8[0;39m] [36mDefaultProtocolHandler.exceptionCaught[0;39m: è¿žæŽ¥(0x00000002: nio socket, client, /127.0.0.1:54218 => /127.0.0.1:8000)å¼‚å¸¸ï¼š{}  
java.io.IOException: Connection reset by peer
	at sun.nio.ch.FileDispatcherImpl.read0(Native Method)
	at sun.nio.ch.SocketDispatcher.read(SocketDispatcher.java:39)
	at sun.nio.ch.IOUtil.readIntoNativeBuffer(IOUtil.java:223)
	at sun.nio.ch.IOUtil.read(IOUtil.java:197)
	at sun.nio.ch.SocketChannelImpl.read(SocketChannelImpl.java:380)
	at org.apache.mina.transport.socket.nio.NioProcessor.read(NioProcessor.java:317)
	at org.apache.mina.transport.socket.nio.NioProcessor.read(NioProcessor.java:45)
	at org.apache.mina.core.polling.AbstractPollingIoProcessor.read(AbstractPollingIoProcessor.java:683)
	at org.apache.mina.core.polling.AbstractPollingIoProcessor.process(AbstractPollingIoProcessor.java:659)
	at org.apache.mina.core.polling.AbstractPollingIoProcessor.process(AbstractPollingIoProcessor.java:648)
	at org.apache.mina.core.polling.AbstractPollingIoProcessor.access$600(AbstractPollingIoProcessor.java:68)
	at org.apache.mina.core.polling.AbstractPollingIoProcessor$Processor.run(AbstractPollingIoProcessor.java:1120)
	at org.apache.mina.util.NamePreservingRunnable.run(NamePreservingRunnable.java:64)
	at java.util.concurrent.ThreadPoolExecutor.runWorker(ThreadPoolExecutor.java:1149)
	at java.util.concurrent.ThreadPoolExecutor$Worker.run(ThreadPoolExecutor.java:624)
	at java.lang.Thread.run(Thread.java:748)
