12-27 16:20:36.300 [34mINFO [0;39m --- [[1;32mmain[0;39m] [36mClusterApplication.logStarting[0;39m: Starting ClusterApplication on xuliangdeMacBook-Air.local with PID 45916 (/Users/xuliang/Documents/game-server/game-fish/game-cluster/target/classes started by xuliang in /Users/xuliang/Documents/game-server/game-fish)  
12-27 16:20:36.316 [34mINFO [0;39m --- [[1;32mmain[0;39m] [36mClusterApplication.logStartupProfileInfo[0;39m: The following profiles are active: dev  
12-27 16:20:36.491 [34mINFO [0;39m --- [[1;32mmain[0;39m] [36mAnnotationConfigServletWebServerApplicationContext.prepareRefresh[0;39m: Refreshing org.springframework.boot.web.servlet.context.AnnotationConfigServletWebServerApplicationContext@2d1dee39: startup date [Fri Dec 27 16:20:36 CST 2019]; root of context hierarchy  
12-27 16:20:40.329 [34mINFO [0;39m --- [[1;32mmain[0;39m] [36mTomcatWebServer.initialize[0;39m: Tomcat initialized with port(s): 10001 (http)  
12-27 16:20:40.363 [34mINFO [0;39m --- [[1;32mmain[0;39m] [36mHttp11NioProtocol.log[0;39m: Initializing ProtocolHandler ["http-nio-10001"]  
12-27 16:20:40.388 [34mINFO [0;39m --- [[1;32mmain[0;39m] [36mStandardService.log[0;39m: Starting service [Tomcat]  
12-27 16:20:40.389 [34mINFO [0;39m --- [[1;32mmain[0;39m] [36mStandardEngine.log[0;39m: Starting Servlet Engine: Apache Tomcat/8.5.34  
12-27 16:20:40.398 [34mINFO [0;39m --- [[1;32mlocalhost-startStop-1[0;39m] [36mAprLifecycleListener.log[0;39m: The APR based Apache Tomcat Native library which allows optimal performance in production environments was not found on the java.library.path: [/Users/xuliang/Library/Java/Extensions:/Library/Java/Extensions:/Network/Library/Java/Extensions:/System/Library/Java/Extensions:/usr/lib/java:.]  
12-27 16:20:40.650 [34mINFO [0;39m --- [[1;32mlocalhost-startStop-1[0;39m] [36m[/].log[0;39m: Initializing Spring embedded WebApplicationContext  
12-27 16:20:40.650 [34mINFO [0;39m --- [[1;32mlocalhost-startStop-1[0;39m] [36mContextLoader.prepareWebApplicationContext[0;39m: Root WebApplicationContext: initialization completed in 4159 ms  
12-27 16:20:41.537 [34mINFO [0;39m --- [[1;32mlocalhost-startStop-1[0;39m] [36mFilterRegistrationBean.configure[0;39m: Mapping filter: 'characterEncodingFilter' to: [/*]  
12-27 16:20:41.540 [34mINFO [0;39m --- [[1;32mlocalhost-startStop-1[0;39m] [36mFilterRegistrationBean.configure[0;39m: Mapping filter: 'webMvcMetricsFilter' to: [/*]  
12-27 16:20:41.541 [34mINFO [0;39m --- [[1;32mlocalhost-startStop-1[0;39m] [36mFilterRegistrationBean.configure[0;39m: Mapping filter: 'hiddenHttpMethodFilter' to: [/*]  
12-27 16:20:41.542 [34mINFO [0;39m --- [[1;32mlocalhost-startStop-1[0;39m] [36mFilterRegistrationBean.configure[0;39m: Mapping filter: 'httpPutFormContentFilter' to: [/*]  
12-27 16:20:41.543 [34mINFO [0;39m --- [[1;32mlocalhost-startStop-1[0;39m] [36mFilterRegistrationBean.configure[0;39m: Mapping filter: 'requestContextFilter' to: [/*]  
12-27 16:20:41.543 [34mINFO [0;39m --- [[1;32mlocalhost-startStop-1[0;39m] [36mFilterRegistrationBean.configure[0;39m: Mapping filter: 'httpTraceFilter' to: [/*]  
12-27 16:20:41.544 [34mINFO [0;39m --- [[1;32mlocalhost-startStop-1[0;39m] [36mServletRegistrationBean.addRegistration[0;39m: Servlet dispatcherServlet mapped to [/]  
12-27 16:20:41.640 [31mWARN [0;39m --- [[1;32mmain[0;39m] [36mAnnotationConfigServletWebServerApplicationContext.refresh[0;39m: Exception encountered during context initialization - cancelling refresh attempt: org.springframework.beans.factory.UnsatisfiedDependencyException: Error creating bean with name 'clusterApplication': Unsatisfied dependency expressed through field 'clusterHttpServer'; nested exception is org.springframework.beans.factory.UnsatisfiedDependencyException: Error creating bean with name 'clusterHttpServer': Unsatisfied dependency expressed through field 'minaServerConfig'; nested exception is org.springframework.beans.factory.NoSuchBeanDefinitionException: No qualifying bean of type 'com.xl.game.config.MinaServerHttpConfig' available: expected at least 1 bean which qualifies as autowire candidate. Dependency annotations: {@org.springframework.beans.factory.annotation.Autowired(required=true)}  
12-27 16:20:41.647 [34mINFO [0;39m --- [[1;32mmain[0;39m] [36mStandardService.log[0;39m: Stopping service [Tomcat]  
12-27 16:20:41.678 [34mINFO [0;39m --- [[1;32mmain[0;39m] [36mConditionEvaluationReportLoggingListener.logAutoConfigurationReport[0;39m: 

Error starting ApplicationContext. To display the conditions report re-run your application with 'debug' enabled.  
12-27 16:20:42.120 [1;31mERROR[0;39m --- [[1;32mmain[0;39m] [36mLoggingFailureAnalysisReporter.report[0;39m: 

***************************
APPLICATION FAILED TO START
***************************

Description:

Field minaServerConfig in com.xl.game.cluster.server.http.ClusterHttpServer required a bean of type 'com.xl.game.config.MinaServerHttpConfig' that could not be found.


Action:

Consider defining a bean of type 'com.xl.game.config.MinaServerHttpConfig' in your configuration.
  
12-27 16:22:29.204 [34mINFO [0;39m --- [[1;32mmain[0;39m] [36mClusterApplication.logStarting[0;39m: Starting ClusterApplication on xuliangdeMacBook-Air.local with PID 45987 (/Users/xuliang/Documents/game-server/game-fish/game-cluster/target/classes started by xuliang in /Users/xuliang/Documents/game-server/game-fish)  
12-27 16:22:29.219 [34mINFO [0;39m --- [[1;32mmain[0;39m] [36mClusterApplication.logStartupProfileInfo[0;39m: The following profiles are active: dev  
12-27 16:22:29.445 [34mINFO [0;39m --- [[1;32mmain[0;39m] [36mAnnotationConfigServletWebServerApplicationContext.prepareRefresh[0;39m: Refreshing org.springframework.boot.web.servlet.context.AnnotationConfigServletWebServerApplicationContext@704f1591: startup date [Fri Dec 27 16:22:29 CST 2019]; root of context hierarchy  
12-27 16:22:31.766 [34mINFO [0;39m --- [[1;32mmain[0;39m] [36mTomcatWebServer.initialize[0;39m: Tomcat initialized with port(s): 10001 (http)  
12-27 16:22:31.792 [34mINFO [0;39m --- [[1;32mmain[0;39m] [36mHttp11NioProtocol.log[0;39m: Initializing ProtocolHandler ["http-nio-10001"]  
12-27 16:22:31.842 [34mINFO [0;39m --- [[1;32mmain[0;39m] [36mStandardService.log[0;39m: Starting service [Tomcat]  
12-27 16:22:31.844 [34mINFO [0;39m --- [[1;32mmain[0;39m] [36mStandardEngine.log[0;39m: Starting Servlet Engine: Apache Tomcat/8.5.34  
12-27 16:22:31.866 [34mINFO [0;39m --- [[1;32mlocalhost-startStop-1[0;39m] [36mAprLifecycleListener.log[0;39m: The APR based Apache Tomcat Native library which allows optimal performance in production environments was not found on the java.library.path: [/Users/xuliang/Library/Java/Extensions:/Library/Java/Extensions:/Network/Library/Java/Extensions:/System/Library/Java/Extensions:/usr/lib/java:.]  
12-27 16:22:32.078 [34mINFO [0;39m --- [[1;32mlocalhost-startStop-1[0;39m] [36m[/].log[0;39m: Initializing Spring embedded WebApplicationContext  
12-27 16:22:32.079 [34mINFO [0;39m --- [[1;32mlocalhost-startStop-1[0;39m] [36mContextLoader.prepareWebApplicationContext[0;39m: Root WebApplicationContext: initialization completed in 2634 ms  
12-27 16:22:33.009 [34mINFO [0;39m --- [[1;32mlocalhost-startStop-1[0;39m] [36mFilterRegistrationBean.configure[0;39m: Mapping filter: 'characterEncodingFilter' to: [/*]  
12-27 16:22:33.010 [34mINFO [0;39m --- [[1;32mlocalhost-startStop-1[0;39m] [36mFilterRegistrationBean.configure[0;39m: Mapping filter: 'webMvcMetricsFilter' to: [/*]  
12-27 16:22:33.010 [34mINFO [0;39m --- [[1;32mlocalhost-startStop-1[0;39m] [36mFilterRegistrationBean.configure[0;39m: Mapping filter: 'hiddenHttpMethodFilter' to: [/*]  
12-27 16:22:33.010 [34mINFO [0;39m --- [[1;32mlocalhost-startStop-1[0;39m] [36mFilterRegistrationBean.configure[0;39m: Mapping filter: 'httpPutFormContentFilter' to: [/*]  
12-27 16:22:33.011 [34mINFO [0;39m --- [[1;32mlocalhost-startStop-1[0;39m] [36mFilterRegistrationBean.configure[0;39m: Mapping filter: 'requestContextFilter' to: [/*]  
12-27 16:22:33.011 [34mINFO [0;39m --- [[1;32mlocalhost-startStop-1[0;39m] [36mFilterRegistrationBean.configure[0;39m: Mapping filter: 'httpTraceFilter' to: [/*]  
12-27 16:22:33.011 [34mINFO [0;39m --- [[1;32mlocalhost-startStop-1[0;39m] [36mServletRegistrationBean.addRegistration[0;39m: Servlet dispatcherServlet mapped to [/]  
12-27 16:22:33.077 [31mWARN [0;39m --- [[1;32mmain[0;39m] [36mAnnotationConfigServletWebServerApplicationContext.refresh[0;39m: Exception encountered during context initialization - cancelling refresh attempt: org.springframework.beans.factory.UnsatisfiedDependencyException: Error creating bean with name 'clusterApplication': Unsatisfied dependency expressed through field 'clusterHttpServer'; nested exception is org.springframework.beans.factory.UnsatisfiedDependencyException: Error creating bean with name 'clusterHttpServer': Unsatisfied dependency expressed through field 'minaServerConfig'; nested exception is org.springframework.beans.factory.NoSuchBeanDefinitionException: No qualifying bean of type 'com.xl.game.config.MinaServerHttpConfig' available: expected at least 1 bean which qualifies as autowire candidate. Dependency annotations: {@org.springframework.beans.factory.annotation.Autowired(required=true)}  
12-27 16:22:33.082 [34mINFO [0;39m --- [[1;32mmain[0;39m] [36mStandardService.log[0;39m: Stopping service [Tomcat]  
12-27 16:22:33.106 [34mINFO [0;39m --- [[1;32mmain[0;39m] [36mConditionEvaluationReportLoggingListener.logAutoConfigurationReport[0;39m: 

Error starting ApplicationContext. To display the conditions report re-run your application with 'debug' enabled.  
12-27 16:22:33.502 [1;31mERROR[0;39m --- [[1;32mmain[0;39m] [36mLoggingFailureAnalysisReporter.report[0;39m: 

***************************
APPLICATION FAILED TO START
***************************

Description:

Field minaServerConfig in com.xl.game.cluster.server.http.ClusterHttpServer required a bean of type 'com.xl.game.config.MinaServerHttpConfig' that could not be found.


Action:

Consider defining a bean of type 'com.xl.game.config.MinaServerHttpConfig' in your configuration.
  
12-27 16:23:52.822 [34mINFO [0;39m --- [[1;32mmain[0;39m] [36mClusterApplication.logStarting[0;39m: Starting ClusterApplication on xuliangdeMacBook-Air.local with PID 46040 (/Users/xuliang/Documents/game-server/game-fish/game-cluster/target/classes started by xuliang in /Users/xuliang/Documents/game-server/game-fish)  
12-27 16:23:52.832 [34mINFO [0;39m --- [[1;32mmain[0;39m] [36mClusterApplication.logStartupProfileInfo[0;39m: The following profiles are active: dev  
12-27 16:23:52.922 [34mINFO [0;39m --- [[1;32mmain[0;39m] [36mAnnotationConfigServletWebServerApplicationContext.prepareRefresh[0;39m: Refreshing org.springframework.boot.web.servlet.context.AnnotationConfigServletWebServerApplicationContext@4b9df8a: startup date [Fri Dec 27 16:23:52 CST 2019]; root of context hierarchy  
12-27 16:23:55.779 [34mINFO [0;39m --- [[1;32mmain[0;39m] [36mTomcatWebServer.initialize[0;39m: Tomcat initialized with port(s): 10001 (http)  
12-27 16:23:55.801 [34mINFO [0;39m --- [[1;32mmain[0;39m] [36mHttp11NioProtocol.log[0;39m: Initializing ProtocolHandler ["http-nio-10001"]  
12-27 16:23:55.817 [34mINFO [0;39m --- [[1;32mmain[0;39m] [36mStandardService.log[0;39m: Starting service [Tomcat]  
12-27 16:23:55.818 [34mINFO [0;39m --- [[1;32mmain[0;39m] [36mStandardEngine.log[0;39m: Starting Servlet Engine: Apache Tomcat/8.5.34  
12-27 16:23:55.825 [34mINFO [0;39m --- [[1;32mlocalhost-startStop-1[0;39m] [36mAprLifecycleListener.log[0;39m: The APR based Apache Tomcat Native library which allows optimal performance in production environments was not found on the java.library.path: [/Users/xuliang/Library/Java/Extensions:/Library/Java/Extensions:/Network/Library/Java/Extensions:/System/Library/Java/Extensions:/usr/lib/java:.]  
12-27 16:23:55.977 [34mINFO [0;39m --- [[1;32mlocalhost-startStop-1[0;39m] [36m[/].log[0;39m: Initializing Spring embedded WebApplicationContext  
12-27 16:23:55.977 [34mINFO [0;39m --- [[1;32mlocalhost-startStop-1[0;39m] [36mContextLoader.prepareWebApplicationContext[0;39m: Root WebApplicationContext: initialization completed in 3055 ms  
12-27 16:23:57.370 [34mINFO [0;39m --- [[1;32mlocalhost-startStop-1[0;39m] [36mFilterRegistrationBean.configure[0;39m: Mapping filter: 'characterEncodingFilter' to: [/*]  
12-27 16:23:57.371 [34mINFO [0;39m --- [[1;32mlocalhost-startStop-1[0;39m] [36mFilterRegistrationBean.configure[0;39m: Mapping filter: 'webMvcMetricsFilter' to: [/*]  
12-27 16:23:57.371 [34mINFO [0;39m --- [[1;32mlocalhost-startStop-1[0;39m] [36mFilterRegistrationBean.configure[0;39m: Mapping filter: 'hiddenHttpMethodFilter' to: [/*]  
12-27 16:23:57.372 [34mINFO [0;39m --- [[1;32mlocalhost-startStop-1[0;39m] [36mFilterRegistrationBean.configure[0;39m: Mapping filter: 'httpPutFormContentFilter' to: [/*]  
12-27 16:23:57.372 [34mINFO [0;39m --- [[1;32mlocalhost-startStop-1[0;39m] [36mFilterRegistrationBean.configure[0;39m: Mapping filter: 'requestContextFilter' to: [/*]  
12-27 16:23:57.372 [34mINFO [0;39m --- [[1;32mlocalhost-startStop-1[0;39m] [36mFilterRegistrationBean.configure[0;39m: Mapping filter: 'httpTraceFilter' to: [/*]  
12-27 16:23:57.372 [34mINFO [0;39m --- [[1;32mlocalhost-startStop-1[0;39m] [36mServletRegistrationBean.addRegistration[0;39m: Servlet dispatcherServlet mapped to [/]  
12-27 16:23:57.443 [31mWARN [0;39m --- [[1;32mmain[0;39m] [36mAnnotationConfigServletWebServerApplicationContext.refresh[0;39m: Exception encountered during context initialization - cancelling refresh attempt: org.springframework.beans.factory.UnsatisfiedDependencyException: Error creating bean with name 'clusterApplication': Unsatisfied dependency expressed through field 'clusterHttpServer'; nested exception is org.springframework.beans.factory.UnsatisfiedDependencyException: Error creating bean with name 'clusterHttpServer': Unsatisfied dependency expressed through field 'httpServer'; nested exception is org.springframework.beans.factory.NoSuchBeanDefinitionException: No qualifying bean of type 'com.xl.game.mina.HttpServer' available: expected at least 1 bean which qualifies as autowire candidate. Dependency annotations: {@org.springframework.beans.factory.annotation.Autowired(required=true)}  
12-27 16:23:57.450 [34mINFO [0;39m --- [[1;32mmain[0;39m] [36mStandardService.log[0;39m: Stopping service [Tomcat]  
12-27 16:23:57.472 [34mINFO [0;39m --- [[1;32mmain[0;39m] [36mConditionEvaluationReportLoggingListener.logAutoConfigurationReport[0;39m: 

Error starting ApplicationContext. To display the conditions report re-run your application with 'debug' enabled.  
12-27 16:23:57.768 [1;31mERROR[0;39m --- [[1;32mmain[0;39m] [36mLoggingFailureAnalysisReporter.report[0;39m: 

***************************
APPLICATION FAILED TO START
***************************

Description:

Field httpServer in com.xl.game.cluster.server.http.ClusterHttpServer required a bean of type 'com.xl.game.mina.HttpServer' that could not be found.


Action:

Consider defining a bean of type 'com.xl.game.mina.HttpServer' in your configuration.
  
12-27 16:24:38.036 [34mINFO [0;39m --- [[1;32mmain[0;39m] [36mClusterApplication.logStarting[0;39m: Starting ClusterApplication on xuliangdeMacBook-Air.local with PID 46069 (/Users/xuliang/Documents/game-server/game-fish/game-cluster/target/classes started by xuliang in /Users/xuliang/Documents/game-server/game-fish)  
12-27 16:24:38.052 [34mINFO [0;39m --- [[1;32mmain[0;39m] [36mClusterApplication.logStartupProfileInfo[0;39m: The following profiles are active: dev  
12-27 16:24:38.234 [34mINFO [0;39m --- [[1;32mmain[0;39m] [36mAnnotationConfigServletWebServerApplicationContext.prepareRefresh[0;39m: Refreshing org.springframework.boot.web.servlet.context.AnnotationConfigServletWebServerApplicationContext@10c626be: startup date [Fri Dec 27 16:24:38 CST 2019]; root of context hierarchy  
12-27 16:24:40.607 [34mINFO [0;39m --- [[1;32mmain[0;39m] [36mTomcatWebServer.initialize[0;39m: Tomcat initialized with port(s): 10001 (http)  
12-27 16:24:40.626 [34mINFO [0;39m --- [[1;32mmain[0;39m] [36mHttp11NioProtocol.log[0;39m: Initializing ProtocolHandler ["http-nio-10001"]  
12-27 16:24:40.641 [34mINFO [0;39m --- [[1;32mmain[0;39m] [36mStandardService.log[0;39m: Starting service [Tomcat]  
12-27 16:24:40.641 [34mINFO [0;39m --- [[1;32mmain[0;39m] [36mStandardEngine.log[0;39m: Starting Servlet Engine: Apache Tomcat/8.5.34  
12-27 16:24:40.648 [34mINFO [0;39m --- [[1;32mlocalhost-startStop-1[0;39m] [36mAprLifecycleListener.log[0;39m: The APR based Apache Tomcat Native library which allows optimal performance in production environments was not found on the java.library.path: [/Users/xuliang/Library/Java/Extensions:/Library/Java/Extensions:/Network/Library/Java/Extensions:/System/Library/Java/Extensions:/usr/lib/java:.]  
12-27 16:24:40.767 [34mINFO [0;39m --- [[1;32mlocalhost-startStop-1[0;39m] [36m[/].log[0;39m: Initializing Spring embedded WebApplicationContext  
12-27 16:24:40.767 [34mINFO [0;39m --- [[1;32mlocalhost-startStop-1[0;39m] [36mContextLoader.prepareWebApplicationContext[0;39m: Root WebApplicationContext: initialization completed in 2533 ms  
12-27 16:24:41.706 [34mINFO [0;39m --- [[1;32mlocalhost-startStop-1[0;39m] [36mFilterRegistrationBean.configure[0;39m: Mapping filter: 'characterEncodingFilter' to: [/*]  
12-27 16:24:41.717 [34mINFO [0;39m --- [[1;32mlocalhost-startStop-1[0;39m] [36mFilterRegistrationBean.configure[0;39m: Mapping filter: 'webMvcMetricsFilter' to: [/*]  
12-27 16:24:41.718 [34mINFO [0;39m --- [[1;32mlocalhost-startStop-1[0;39m] [36mFilterRegistrationBean.configure[0;39m: Mapping filter: 'hiddenHttpMethodFilter' to: [/*]  
12-27 16:24:41.719 [34mINFO [0;39m --- [[1;32mlocalhost-startStop-1[0;39m] [36mFilterRegistrationBean.configure[0;39m: Mapping filter: 'httpPutFormContentFilter' to: [/*]  
12-27 16:24:41.720 [34mINFO [0;39m --- [[1;32mlocalhost-startStop-1[0;39m] [36mFilterRegistrationBean.configure[0;39m: Mapping filter: 'requestContextFilter' to: [/*]  
12-27 16:24:41.722 [34mINFO [0;39m --- [[1;32mlocalhost-startStop-1[0;39m] [36mFilterRegistrationBean.configure[0;39m: Mapping filter: 'httpTraceFilter' to: [/*]  
12-27 16:24:41.726 [34mINFO [0;39m --- [[1;32mlocalhost-startStop-1[0;39m] [36mServletRegistrationBean.addRegistration[0;39m: Servlet dispatcherServlet mapped to [/]  
12-27 16:24:41.899 [1;31mERROR[0;39m --- [[1;32m全局同步线程:ClusterTcpServer[0;39m] [36mServerThread.lambda$new$0[0;39m: ServerThread.setUncaughtExceptionHandler  
java.lang.NullPointerException: null
	at com.xl.game.thread.ServerThread.run(ServerThread.java:120)
12-27 16:24:42.327 [34mINFO [0;39m --- [[1;32mmain[0;39m] [36mSimpleUrlHandlerMapping.registerHandler[0;39m: Mapped URL path [/**/favicon.ico] onto handler of type [class org.springframework.web.servlet.resource.ResourceHttpRequestHandler]  
12-27 16:24:42.667 [34mINFO [0;39m --- [[1;32mmain[0;39m] [36mRequestMappingHandlerAdapter.initControllerAdviceCache[0;39m: Looking for @ControllerAdvice: org.springframework.boot.web.servlet.context.AnnotationConfigServletWebServerApplicationContext@10c626be: startup date [Fri Dec 27 16:24:38 CST 2019]; root of context hierarchy  
12-27 16:24:42.743 [1;31mERROR[0;39m --- [[1;32mThread-14[0;39m] [36mMailManager.sendTextMail[0;39m: 发送邮件失败  
javax.mail.AuthenticationFailedException: 535 Error: ÇëÊ¹ÓÃÊÚÈ¨ÂëµÇÂ¼¡£ÏêÇéÇë¿´: http://service.mail.qq.com/cgi-bin/help?subtype=1&&id=28&&no=1001256

	at com.sun.mail.smtp.SMTPTransport$Authenticator.authenticate(SMTPTransport.java:826)
	at com.sun.mail.smtp.SMTPTransport.authenticate(SMTPTransport.java:761)
	at com.sun.mail.smtp.SMTPTransport.protocolConnect(SMTPTransport.java:685)
	at javax.mail.Service.connect(Service.java:295)
	at javax.mail.Service.connect(Service.java:176)
	at javax.mail.Service.connect(Service.java:196)
	at com.xl.game.mail.MailManager.sendTextMail(MailManager.java:105)
	at com.xl.game.mail.MailManager$1.run(MailManager.java:64)
	at java.lang.Thread.run(Thread.java:748)
12-27 16:24:42.810 [34mINFO [0;39m --- [[1;32mmain[0;39m] [36mRequestMappingHandlerMapping.register[0;39m: Mapped "{[/error]}" onto public org.springframework.http.ResponseEntity<java.util.Map<java.lang.String, java.lang.Object>> org.springframework.boot.autoconfigure.web.servlet.error.BasicErrorController.error(javax.servlet.http.HttpServletRequest)  
12-27 16:24:42.812 [34mINFO [0;39m --- [[1;32mmain[0;39m] [36mRequestMappingHandlerMapping.register[0;39m: Mapped "{[/error],produces=[text/html]}" onto public org.springframework.web.servlet.ModelAndView org.springframework.boot.autoconfigure.web.servlet.error.BasicErrorController.errorHtml(javax.servlet.http.HttpServletRequest,javax.servlet.http.HttpServletResponse)  
12-27 16:24:42.853 [34mINFO [0;39m --- [[1;32mmain[0;39m] [36mSimpleUrlHandlerMapping.registerHandler[0;39m: Mapped URL path [/webjars/**] onto handler of type [class org.springframework.web.servlet.resource.ResourceHttpRequestHandler]  
12-27 16:24:42.854 [34mINFO [0;39m --- [[1;32mmain[0;39m] [36mSimpleUrlHandlerMapping.registerHandler[0;39m: Mapped URL path [/**] onto handler of type [class org.springframework.web.servlet.resource.ResourceHttpRequestHandler]  
12-27 16:24:43.830 [34mINFO [0;39m --- [[1;32mmain[0;39m] [36mcluster.info[0;39m: Cluster created with settings {hosts=[localhost:27017], mode=SINGLE, requiredClusterType=UNKNOWN, serverSelectionTimeout='30000 ms', maxWaitQueueSize=500}  
12-27 16:24:43.967 [34mINFO [0;39m --- [[1;32mcluster-ClusterId{value='5e05bfcba3703ab3f5bfdafa', description='null'}-localhost:27017[0;39m] [36mconnection.info[0;39m: Opened connection [connectionId{localValue:1, serverValue:53}] to localhost:27017  
12-27 16:24:43.981 [34mINFO [0;39m --- [[1;32mcluster-ClusterId{value='5e05bfcba3703ab3f5bfdafa', description='null'}-localhost:27017[0;39m] [36mcluster.info[0;39m: Monitor thread successfully connected to server with description ServerDescription{address=localhost:27017, type=STANDALONE, state=CONNECTED, ok=true, version=ServerVersion{versionList=[3, 6, 14]}, minWireVersion=0, maxWireVersion=6, maxDocumentSize=16777216, logicalSessionTimeoutMinutes=30, roundTripTimeNanos=9526428}  
12-27 16:24:44.577 [34mINFO [0;39m --- [[1;32mmain[0;39m] [36mEndpointLinksResolver.<init>[0;39m: Exposing 2 endpoint(s) beneath base path '/actuator'  
12-27 16:24:44.600 [34mINFO [0;39m --- [[1;32mmain[0;39m] [36mWebMvcEndpointHandlerMapping.register[0;39m: Mapped "{[/actuator/health],methods=[GET],produces=[application/vnd.spring-boot.actuator.v2+json || application/json]}" onto public java.lang.Object org.springframework.boot.actuate.endpoint.web.servlet.AbstractWebMvcEndpointHandlerMapping$OperationHandler.handle(javax.servlet.http.HttpServletRequest,java.util.Map<java.lang.String, java.lang.String>)  
12-27 16:24:44.601 [34mINFO [0;39m --- [[1;32mmain[0;39m] [36mWebMvcEndpointHandlerMapping.register[0;39m: Mapped "{[/actuator/info],methods=[GET],produces=[application/vnd.spring-boot.actuator.v2+json || application/json]}" onto public java.lang.Object org.springframework.boot.actuate.endpoint.web.servlet.AbstractWebMvcEndpointHandlerMapping$OperationHandler.handle(javax.servlet.http.HttpServletRequest,java.util.Map<java.lang.String, java.lang.String>)  
12-27 16:24:44.603 [34mINFO [0;39m --- [[1;32mmain[0;39m] [36mWebMvcEndpointHandlerMapping.register[0;39m: Mapped "{[/actuator],methods=[GET],produces=[application/vnd.spring-boot.actuator.v2+json || application/json]}" onto protected java.util.Map<java.lang.String, java.util.Map<java.lang.String, org.springframework.boot.actuate.endpoint.web.Link>> org.springframework.boot.actuate.endpoint.web.servlet.WebMvcEndpointHandlerMapping.links(javax.servlet.http.HttpServletRequest,javax.servlet.http.HttpServletResponse)  
12-27 16:24:44.679 [34mINFO [0;39m --- [[1;32mmain[0;39m] [36mAnnotationMBeanExporter.afterSingletonsInstantiated[0;39m: Registering beans for JMX exposure on startup  
12-27 16:24:44.714 [34mINFO [0;39m --- [[1;32mmain[0;39m] [36mHttp11NioProtocol.log[0;39m: Starting ProtocolHandler ["http-nio-10001"]  
12-27 16:24:44.739 [34mINFO [0;39m --- [[1;32mmain[0;39m] [36mNioSelectorPool.log[0;39m: Using a shared selector for servlet write/read  
12-27 16:24:44.775 [34mINFO [0;39m --- [[1;32mmain[0;39m] [36mTomcatWebServer.start[0;39m: Tomcat started on port(s): 10001 (http) with context path ''  
12-27 16:24:44.787 [34mINFO [0;39m --- [[1;32mmain[0;39m] [36mClusterApplication.logStarted[0;39m: Started ClusterApplication in 8.438 seconds (JVM running for 10.157)  
12-27 16:24:44.794 [34mINFO [0;39m --- [[1;32mThread-25[0;39m] [36mClusterServer.run[0;39m: ClusterServer::clusterHttpServer::start!!!  
12-27 16:24:44.795 [34mINFO [0;39m --- [[1;32mThread-25[0;39m] [36mClusterServer.run[0;39m: ClusterServer::clusterTcpServer::start!!!  
12-27 16:24:44.802 [34mINFO [0;39m --- [[1;32mThread-24[0;39m] [36mHttpHandlerMsgManager.addHandler[0;39m: [com.xl.game.model.server.ExitServerHandler]加载到http handler容器  
12-27 16:24:44.808 [34mINFO [0;39m --- [[1;32mThread-24[0;39m] [36mHttpHandlerMsgManager.addHandler[0;39m: [com.xl.game.model.server.JvmInfoHandler]加载到http handler容器  
12-27 16:24:44.810 [34mINFO [0;39m --- [[1;32mThread-24[0;39m] [36mHttpHandlerMsgManager.addHandler[0;39m: [com.xl.game.model.server.ThreadInfoHandler]加载到http handler容器  
12-27 16:24:44.811 [34mINFO [0;39m --- [[1;32mThread-24[0;39m] [36mHttpHandlerMsgManager.addHandler[0;39m: [com.xl.game.cluster.handler.http.GetGateIpHandler]加载到http handler容器  
12-27 16:24:44.812 [34mINFO [0;39m --- [[1;32mThread-24[0;39m] [36mHttpHandlerMsgManager.addHandler[0;39m: [com.xl.game.cluster.handler.http.GetHallIpHandler]加载到http handler容器  
12-27 16:24:44.815 [34mINFO [0;39m --- [[1;32mThread-24[0;39m] [36mHttpHandlerMsgManager.addHandler[0;39m: [com.xl.game.cluster.handler.http.ServerListHandler]加载到http handler容器  
12-27 16:24:44.816 [34mINFO [0;39m --- [[1;32mThread-24[0;39m] [36mHttpHandlerMsgManager.addHandler[0;39m: [com.xl.game.cluster.handler.http.SetServerStateHandler]加载到http handler容器  
12-27 16:24:44.832 [34mINFO [0;39m --- [[1;32mThread-24[0;39m] [36mHandlerInit.run[0;39m: http 处理器 tcp 处理器 初始化完成！  
12-27 16:24:44.857 [31mWARN [0;39m --- [[1;32mThread-30[0;39m] [36mHttpServer.run[0;39m: 已开始监听HTTP端口：0  
12-27 16:24:44.857 [31mWARN [0;39m --- [[1;32mThread-27[0;39m] [36mTcpServer.run[0;39m: 已开始监听TCP端口：8000  
12-27 16:24:45.796 [34mINFO [0;39m --- [[1;32mThread-25[0;39m] [36mClusterServer.run[0;39m: ---->集群服启动成功<----  
12-27 16:24:46.152 [34mINFO [0;39m --- [[1;32mRMI TCP Connection(1)-192.168.7.129[0;39m] [36m[/].log[0;39m: Initializing Spring FrameworkServlet 'dispatcherServlet'  
12-27 16:24:46.153 [34mINFO [0;39m --- [[1;32mRMI TCP Connection(1)-192.168.7.129[0;39m] [36mDispatcherServlet.initServletBean[0;39m: FrameworkServlet 'dispatcherServlet': initialization started  
12-27 16:24:46.213 [34mINFO [0;39m --- [[1;32mRMI TCP Connection(1)-192.168.7.129[0;39m] [36mDispatcherServlet.initServletBean[0;39m: FrameworkServlet 'dispatcherServlet': initialization completed in 59 ms  
12-27 16:24:46.994 [34mINFO [0;39m --- [[1;32mThread-23[0;39m] [36mAnnotationConfigServletWebServerApplicationContext.doClose[0;39m: Closing org.springframework.boot.web.servlet.context.AnnotationConfigServletWebServerApplicationContext@10c626be: startup date [Fri Dec 27 16:24:38 CST 2019]; root of context hierarchy  
12-27 16:24:46.995 [31mWARN [0;39m --- [[1;32mThread-28[0;39m] [36mServerThread.stop[0;39m: 线程全局同步线程:ClusterHttpServer停止  
12-27 16:24:47.000 [34mINFO [0;39m --- [[1;32mThread-23[0;39m] [36mAnnotationMBeanExporter.destroy[0;39m: Unregistering JMX-exposed beans on shutdown  
12-27 16:27:19.258 [34mINFO [0;39m --- [[1;32mmain[0;39m] [36mClusterApplication.logStarting[0;39m: Starting ClusterApplication on xuliangdeMacBook-Air.local with PID 46172 (/Users/xuliang/Documents/game-server/game-fish/game-cluster/target/classes started by xuliang in /Users/xuliang/Documents/game-server/game-fish)  
12-27 16:27:19.271 [34mINFO [0;39m --- [[1;32mmain[0;39m] [36mClusterApplication.logStartupProfileInfo[0;39m: The following profiles are active: dev  
12-27 16:27:19.467 [34mINFO [0;39m --- [[1;32mmain[0;39m] [36mAnnotationConfigServletWebServerApplicationContext.prepareRefresh[0;39m: Refreshing org.springframework.boot.web.servlet.context.AnnotationConfigServletWebServerApplicationContext@4983159f: startup date [Fri Dec 27 16:27:19 CST 2019]; root of context hierarchy  
12-27 16:27:22.929 [34mINFO [0;39m --- [[1;32mmain[0;39m] [36mTomcatWebServer.initialize[0;39m: Tomcat initialized with port(s): 10001 (http)  
12-27 16:27:22.958 [34mINFO [0;39m --- [[1;32mmain[0;39m] [36mHttp11NioProtocol.log[0;39m: Initializing ProtocolHandler ["http-nio-10001"]  
12-27 16:27:22.975 [34mINFO [0;39m --- [[1;32mmain[0;39m] [36mStandardService.log[0;39m: Starting service [Tomcat]  
12-27 16:27:22.976 [34mINFO [0;39m --- [[1;32mmain[0;39m] [36mStandardEngine.log[0;39m: Starting Servlet Engine: Apache Tomcat/8.5.34  
12-27 16:27:22.983 [34mINFO [0;39m --- [[1;32mlocalhost-startStop-1[0;39m] [36mAprLifecycleListener.log[0;39m: The APR based Apache Tomcat Native library which allows optimal performance in production environments was not found on the java.library.path: [/Users/xuliang/Library/Java/Extensions:/Library/Java/Extensions:/Network/Library/Java/Extensions:/System/Library/Java/Extensions:/usr/lib/java:.]  
12-27 16:27:23.232 [34mINFO [0;39m --- [[1;32mlocalhost-startStop-1[0;39m] [36m[/].log[0;39m: Initializing Spring embedded WebApplicationContext  
12-27 16:27:23.233 [34mINFO [0;39m --- [[1;32mlocalhost-startStop-1[0;39m] [36mContextLoader.prepareWebApplicationContext[0;39m: Root WebApplicationContext: initialization completed in 3766 ms  
12-27 16:27:24.291 [34mINFO [0;39m --- [[1;32mlocalhost-startStop-1[0;39m] [36mFilterRegistrationBean.configure[0;39m: Mapping filter: 'characterEncodingFilter' to: [/*]  
12-27 16:27:24.292 [34mINFO [0;39m --- [[1;32mlocalhost-startStop-1[0;39m] [36mFilterRegistrationBean.configure[0;39m: Mapping filter: 'webMvcMetricsFilter' to: [/*]  
12-27 16:27:24.293 [34mINFO [0;39m --- [[1;32mlocalhost-startStop-1[0;39m] [36mFilterRegistrationBean.configure[0;39m: Mapping filter: 'hiddenHttpMethodFilter' to: [/*]  
12-27 16:27:24.293 [34mINFO [0;39m --- [[1;32mlocalhost-startStop-1[0;39m] [36mFilterRegistrationBean.configure[0;39m: Mapping filter: 'httpPutFormContentFilter' to: [/*]  
12-27 16:27:24.293 [34mINFO [0;39m --- [[1;32mlocalhost-startStop-1[0;39m] [36mFilterRegistrationBean.configure[0;39m: Mapping filter: 'requestContextFilter' to: [/*]  
12-27 16:27:24.293 [34mINFO [0;39m --- [[1;32mlocalhost-startStop-1[0;39m] [36mFilterRegistrationBean.configure[0;39m: Mapping filter: 'httpTraceFilter' to: [/*]  
12-27 16:27:24.294 [34mINFO [0;39m --- [[1;32mlocalhost-startStop-1[0;39m] [36mServletRegistrationBean.addRegistration[0;39m: Servlet dispatcherServlet mapped to [/]  
12-27 16:27:46.505 [34mINFO [0;39m --- [[1;32mmain[0;39m] [36mTimerThread.<init>[0;39m: TimerThread:TimerThread = 全局同步线程:ClusterTcpServer  
12-27 16:27:46.507 [34mINFO [0;39m --- [[1;32m全局同步线程:ClusterTcpServer[0;39m] [36mTimerThread.start[0;39m: TimerThread:start=全局同步线程:ClusterTcpServer=heart=1000  
12-27 16:27:46.509 [1;31mERROR[0;39m --- [[1;32m全局同步线程:ClusterTcpServer[0;39m] [36mTimerThread.start[0;39m: TimerThread:end=全局同步线程:ClusterTcpServer=heart=1000  
12-27 16:33:56.933 [34mINFO [0;39m --- [[1;32mmain[0;39m] [36mClusterApplication.logStarting[0;39m: Starting ClusterApplication on xuliangdeMacBook-Air.local with PID 46424 (/Users/xuliang/Documents/game-server/game-fish/game-cluster/target/classes started by xuliang in /Users/xuliang/Documents/game-server/game-fish)  
12-27 16:33:56.948 [34mINFO [0;39m --- [[1;32mmain[0;39m] [36mClusterApplication.logStartupProfileInfo[0;39m: The following profiles are active: dev  
12-27 16:33:57.190 [34mINFO [0;39m --- [[1;32mmain[0;39m] [36mAnnotationConfigServletWebServerApplicationContext.prepareRefresh[0;39m: Refreshing org.springframework.boot.web.servlet.context.AnnotationConfigServletWebServerApplicationContext@1ae67cad: startup date [Fri Dec 27 16:33:57 CST 2019]; root of context hierarchy  
12-27 16:34:00.925 [34mINFO [0;39m --- [[1;32mmain[0;39m] [36mTomcatWebServer.initialize[0;39m: Tomcat initialized with port(s): 10001 (http)  
12-27 16:34:00.960 [34mINFO [0;39m --- [[1;32mmain[0;39m] [36mHttp11NioProtocol.log[0;39m: Initializing ProtocolHandler ["http-nio-10001"]  
12-27 16:34:00.979 [34mINFO [0;39m --- [[1;32mmain[0;39m] [36mStandardService.log[0;39m: Starting service [Tomcat]  
12-27 16:34:00.980 [34mINFO [0;39m --- [[1;32mmain[0;39m] [36mStandardEngine.log[0;39m: Starting Servlet Engine: Apache Tomcat/8.5.34  
12-27 16:34:00.990 [34mINFO [0;39m --- [[1;32mlocalhost-startStop-1[0;39m] [36mAprLifecycleListener.log[0;39m: The APR based Apache Tomcat Native library which allows optimal performance in production environments was not found on the java.library.path: [/Users/xuliang/Library/Java/Extensions:/Library/Java/Extensions:/Network/Library/Java/Extensions:/System/Library/Java/Extensions:/usr/lib/java:.]  
12-27 16:34:01.214 [34mINFO [0;39m --- [[1;32mlocalhost-startStop-1[0;39m] [36m[/].log[0;39m: Initializing Spring embedded WebApplicationContext  
12-27 16:34:01.215 [34mINFO [0;39m --- [[1;32mlocalhost-startStop-1[0;39m] [36mContextLoader.prepareWebApplicationContext[0;39m: Root WebApplicationContext: initialization completed in 4025 ms  
12-27 16:34:02.234 [34mINFO [0;39m --- [[1;32mlocalhost-startStop-1[0;39m] [36mFilterRegistrationBean.configure[0;39m: Mapping filter: 'characterEncodingFilter' to: [/*]  
12-27 16:34:02.235 [34mINFO [0;39m --- [[1;32mlocalhost-startStop-1[0;39m] [36mFilterRegistrationBean.configure[0;39m: Mapping filter: 'webMvcMetricsFilter' to: [/*]  
12-27 16:34:02.236 [34mINFO [0;39m --- [[1;32mlocalhost-startStop-1[0;39m] [36mFilterRegistrationBean.configure[0;39m: Mapping filter: 'hiddenHttpMethodFilter' to: [/*]  
12-27 16:34:02.236 [34mINFO [0;39m --- [[1;32mlocalhost-startStop-1[0;39m] [36mFilterRegistrationBean.configure[0;39m: Mapping filter: 'httpPutFormContentFilter' to: [/*]  
12-27 16:34:02.236 [34mINFO [0;39m --- [[1;32mlocalhost-startStop-1[0;39m] [36mFilterRegistrationBean.configure[0;39m: Mapping filter: 'requestContextFilter' to: [/*]  
12-27 16:34:02.236 [34mINFO [0;39m --- [[1;32mlocalhost-startStop-1[0;39m] [36mFilterRegistrationBean.configure[0;39m: Mapping filter: 'httpTraceFilter' to: [/*]  
12-27 16:34:02.237 [34mINFO [0;39m --- [[1;32mlocalhost-startStop-1[0;39m] [36mServletRegistrationBean.addRegistration[0;39m: Servlet dispatcherServlet mapped to [/]  
12-27 16:34:16.297 [34mINFO [0;39m --- [[1;32mmain[0;39m] [36mTimerThread.<init>[0;39m: TimerThread:TimerThread = 全局同步线程:ClusterTcpServer  
12-27 16:34:16.299 [34mINFO [0;39m --- [[1;32m全局同步线程:ClusterTcpServer[0;39m] [36mTimerThread.start[0;39m: TimerThread:start=全局同步线程:ClusterTcpServer=heart=1000  
12-27 16:34:16.301 [1;31mERROR[0;39m --- [[1;32m全局同步线程:ClusterTcpServer[0;39m] [36mTimerThread.start[0;39m: TimerThread:end=全局同步线程:ClusterTcpServer=heart=1000  
12-27 16:34:16.501 [34mINFO [0;39m --- [[1;32mmain[0;39m] [36mSimpleUrlHandlerMapping.registerHandler[0;39m: Mapped URL path [/**/favicon.ico] onto handler of type [class org.springframework.web.servlet.resource.ResourceHttpRequestHandler]  
12-27 16:34:17.073 [34mINFO [0;39m --- [[1;32mmain[0;39m] [36mRequestMappingHandlerAdapter.initControllerAdviceCache[0;39m: Looking for @ControllerAdvice: org.springframework.boot.web.servlet.context.AnnotationConfigServletWebServerApplicationContext@1ae67cad: startup date [Fri Dec 27 16:33:57 CST 2019]; root of context hierarchy  
12-27 16:34:17.237 [34mINFO [0;39m --- [[1;32mmain[0;39m] [36mRequestMappingHandlerMapping.register[0;39m: Mapped "{[/error]}" onto public org.springframework.http.ResponseEntity<java.util.Map<java.lang.String, java.lang.Object>> org.springframework.boot.autoconfigure.web.servlet.error.BasicErrorController.error(javax.servlet.http.HttpServletRequest)  
12-27 16:34:17.238 [34mINFO [0;39m --- [[1;32mmain[0;39m] [36mRequestMappingHandlerMapping.register[0;39m: Mapped "{[/error],produces=[text/html]}" onto public org.springframework.web.servlet.ModelAndView org.springframework.boot.autoconfigure.web.servlet.error.BasicErrorController.errorHtml(javax.servlet.http.HttpServletRequest,javax.servlet.http.HttpServletResponse)  
12-27 16:34:17.281 [34mINFO [0;39m --- [[1;32mmain[0;39m] [36mSimpleUrlHandlerMapping.registerHandler[0;39m: Mapped URL path [/webjars/**] onto handler of type [class org.springframework.web.servlet.resource.ResourceHttpRequestHandler]  
12-27 16:34:17.281 [34mINFO [0;39m --- [[1;32mmain[0;39m] [36mSimpleUrlHandlerMapping.registerHandler[0;39m: Mapped URL path [/**] onto handler of type [class org.springframework.web.servlet.resource.ResourceHttpRequestHandler]  
12-27 16:34:18.005 [34mINFO [0;39m --- [[1;32mmain[0;39m] [36mcluster.info[0;39m: Cluster created with settings {hosts=[localhost:27017], mode=SINGLE, requiredClusterType=UNKNOWN, serverSelectionTimeout='30000 ms', maxWaitQueueSize=500}  
12-27 16:34:18.198 [34mINFO [0;39m --- [[1;32mcluster-ClusterId{value='5e05c209a3703ab558e8d77b', description='null'}-localhost:27017[0;39m] [36mconnection.info[0;39m: Opened connection [connectionId{localValue:1, serverValue:54}] to localhost:27017  
12-27 16:34:18.211 [34mINFO [0;39m --- [[1;32mcluster-ClusterId{value='5e05c209a3703ab558e8d77b', description='null'}-localhost:27017[0;39m] [36mcluster.info[0;39m: Monitor thread successfully connected to server with description ServerDescription{address=localhost:27017, type=STANDALONE, state=CONNECTED, ok=true, version=ServerVersion{versionList=[3, 6, 14]}, minWireVersion=0, maxWireVersion=6, maxDocumentSize=16777216, logicalSessionTimeoutMinutes=30, roundTripTimeNanos=7276262}  
12-27 16:34:18.591 [34mINFO [0;39m --- [[1;32mmain[0;39m] [36mEndpointLinksResolver.<init>[0;39m: Exposing 2 endpoint(s) beneath base path '/actuator'  
12-27 16:34:18.608 [34mINFO [0;39m --- [[1;32mmain[0;39m] [36mWebMvcEndpointHandlerMapping.register[0;39m: Mapped "{[/actuator/health],methods=[GET],produces=[application/vnd.spring-boot.actuator.v2+json || application/json]}" onto public java.lang.Object org.springframework.boot.actuate.endpoint.web.servlet.AbstractWebMvcEndpointHandlerMapping$OperationHandler.handle(javax.servlet.http.HttpServletRequest,java.util.Map<java.lang.String, java.lang.String>)  
12-27 16:34:18.610 [34mINFO [0;39m --- [[1;32mmain[0;39m] [36mWebMvcEndpointHandlerMapping.register[0;39m: Mapped "{[/actuator/info],methods=[GET],produces=[application/vnd.spring-boot.actuator.v2+json || application/json]}" onto public java.lang.Object org.springframework.boot.actuate.endpoint.web.servlet.AbstractWebMvcEndpointHandlerMapping$OperationHandler.handle(javax.servlet.http.HttpServletRequest,java.util.Map<java.lang.String, java.lang.String>)  
12-27 16:34:18.612 [34mINFO [0;39m --- [[1;32mmain[0;39m] [36mWebMvcEndpointHandlerMapping.register[0;39m: Mapped "{[/actuator],methods=[GET],produces=[application/vnd.spring-boot.actuator.v2+json || application/json]}" onto protected java.util.Map<java.lang.String, java.util.Map<java.lang.String, org.springframework.boot.actuate.endpoint.web.Link>> org.springframework.boot.actuate.endpoint.web.servlet.WebMvcEndpointHandlerMapping.links(javax.servlet.http.HttpServletRequest,javax.servlet.http.HttpServletResponse)  
12-27 16:34:18.692 [34mINFO [0;39m --- [[1;32mmain[0;39m] [36mAnnotationMBeanExporter.afterSingletonsInstantiated[0;39m: Registering beans for JMX exposure on startup  
12-27 16:34:18.723 [34mINFO [0;39m --- [[1;32mmain[0;39m] [36mHttp11NioProtocol.log[0;39m: Starting ProtocolHandler ["http-nio-10001"]  
12-27 16:34:18.750 [34mINFO [0;39m --- [[1;32mmain[0;39m] [36mNioSelectorPool.log[0;39m: Using a shared selector for servlet write/read  
12-27 16:34:18.806 [34mINFO [0;39m --- [[1;32mmain[0;39m] [36mTomcatWebServer.start[0;39m: Tomcat started on port(s): 10001 (http) with context path ''  
12-27 16:34:18.819 [34mINFO [0;39m --- [[1;32mmain[0;39m] [36mClusterApplication.logStarted[0;39m: Started ClusterApplication in 23.896 seconds (JVM running for 25.79)  
12-27 16:34:18.831 [34mINFO [0;39m --- [[1;32mThread-30[0;39m] [36mClusterServer.run[0;39m: ClusterServer::clusterHttpServer::start!!!  
12-27 16:34:18.832 [34mINFO [0;39m --- [[1;32mThread-30[0;39m] [36mClusterServer.run[0;39m: ClusterServer::clusterTcpServer::start!!!  
12-27 16:34:18.840 [34mINFO [0;39m --- [[1;32mThread-29[0;39m] [36mHttpHandlerMsgManager.addHandler[0;39m: [com.xl.game.model.server.ExitServerHandler]加载到http handler容器  
12-27 16:34:18.843 [34mINFO [0;39m --- [[1;32mThread-29[0;39m] [36mHttpHandlerMsgManager.addHandler[0;39m: [com.xl.game.model.server.JvmInfoHandler]加载到http handler容器  
12-27 16:34:18.845 [34mINFO [0;39m --- [[1;32mThread-29[0;39m] [36mHttpHandlerMsgManager.addHandler[0;39m: [com.xl.game.model.server.ThreadInfoHandler]加载到http handler容器  
12-27 16:34:18.847 [34mINFO [0;39m --- [[1;32mThread-29[0;39m] [36mHttpHandlerMsgManager.addHandler[0;39m: [com.xl.game.cluster.handler.http.GetGateIpHandler]加载到http handler容器  
12-27 16:34:18.849 [34mINFO [0;39m --- [[1;32mThread-29[0;39m] [36mHttpHandlerMsgManager.addHandler[0;39m: [com.xl.game.cluster.handler.http.GetHallIpHandler]加载到http handler容器  
12-27 16:34:18.852 [34mINFO [0;39m --- [[1;32mThread-29[0;39m] [36mHttpHandlerMsgManager.addHandler[0;39m: [com.xl.game.cluster.handler.http.ServerListHandler]加载到http handler容器  
12-27 16:34:18.854 [34mINFO [0;39m --- [[1;32mThread-29[0;39m] [36mHttpHandlerMsgManager.addHandler[0;39m: [com.xl.game.cluster.handler.http.SetServerStateHandler]加载到http handler容器  
12-27 16:34:18.875 [34mINFO [0;39m --- [[1;32mThread-29[0;39m] [36mHandlerInit.run[0;39m: http 处理器 tcp 处理器 初始化完成！  
12-27 16:34:18.886 [31mWARN [0;39m --- [[1;32mThread-32[0;39m] [36mTcpServer.run[0;39m: 已开始监听TCP端口：8000  
12-27 16:34:18.886 [31mWARN [0;39m --- [[1;32mThread-35[0;39m] [36mHttpServer.run[0;39m: 已开始监听HTTP端口：0  
12-27 16:34:19.409 [31mWARN [0;39m --- [[1;32m全局同步线程:ClusterTcpServer[0;39m] [36mServerThread.run[0;39m: 线程：全局同步线程:ClusterTcpServer 执行 com.xl.game.thread.timer.events.ServerHeartTimer 消耗时间过长 94毫秒,当前命令数 0 条  
12-27 16:34:19.837 [34mINFO [0;39m --- [[1;32mThread-30[0;39m] [36mClusterServer.run[0;39m: ---->集群服启动成功<----  
12-27 16:34:20.546 [34mINFO [0;39m --- [[1;32mRMI TCP Connection(4)-192.168.7.129[0;39m] [36m[/].log[0;39m: Initializing Spring FrameworkServlet 'dispatcherServlet'  
12-27 16:34:20.547 [34mINFO [0;39m --- [[1;32mRMI TCP Connection(4)-192.168.7.129[0;39m] [36mDispatcherServlet.initServletBean[0;39m: FrameworkServlet 'dispatcherServlet': initialization started  
12-27 16:34:20.582 [34mINFO [0;39m --- [[1;32mRMI TCP Connection(4)-192.168.7.129[0;39m] [36mDispatcherServlet.initServletBean[0;39m: FrameworkServlet 'dispatcherServlet': initialization completed in 35 ms  
12-27 16:34:28.326 [34mINFO [0;39m --- [[1;32mThread-28[0;39m] [36mAnnotationConfigServletWebServerApplicationContext.doClose[0;39m: Closing org.springframework.boot.web.servlet.context.AnnotationConfigServletWebServerApplicationContext@1ae67cad: startup date [Fri Dec 27 16:33:57 CST 2019]; root of context hierarchy  
12-27 16:34:28.326 [31mWARN [0;39m --- [[1;32mThread-33[0;39m] [36mServerThread.stop[0;39m: 线程全局同步线程:ClusterHttpServer停止  
12-27 16:34:28.327 [31mWARN [0;39m --- [[1;32mThread-34[0;39m] [36mServerThread.stop[0;39m: 线程全局同步线程:ClusterTcpServer停止  
12-27 16:34:28.329 [1;31mERROR[0;39m --- [[1;32mThread-34[0;39m] [36mTimerThread.stop[0;39m: TimerThread:stop=全局同步线程:ClusterTcpServer=flag=1  
12-27 16:34:28.334 [34mINFO [0;39m --- [[1;32mThread-28[0;39m] [36mAnnotationMBeanExporter.destroy[0;39m: Unregistering JMX-exposed beans on shutdown  
12-27 16:36:35.010 [34mINFO [0;39m --- [[1;32mmain[0;39m] [36mClusterApplication.logStarting[0;39m: Starting ClusterApplication on xuliangdeMacBook-Air.local with PID 46523 (/Users/xuliang/Documents/game-server/game-fish/game-cluster/target/classes started by xuliang in /Users/xuliang/Documents/game-server/game-fish)  
12-27 16:36:35.020 [34mINFO [0;39m --- [[1;32mmain[0;39m] [36mClusterApplication.logStartupProfileInfo[0;39m: The following profiles are active: dev  
12-27 16:36:35.198 [34mINFO [0;39m --- [[1;32mmain[0;39m] [36mAnnotationConfigServletWebServerApplicationContext.prepareRefresh[0;39m: Refreshing org.springframework.boot.web.servlet.context.AnnotationConfigServletWebServerApplicationContext@4ba302e0: startup date [Fri Dec 27 16:36:35 CST 2019]; root of context hierarchy  
12-27 16:36:38.253 [34mINFO [0;39m --- [[1;32mmain[0;39m] [36mTomcatWebServer.initialize[0;39m: Tomcat initialized with port(s): 10001 (http)  
12-27 16:36:38.284 [34mINFO [0;39m --- [[1;32mmain[0;39m] [36mHttp11NioProtocol.log[0;39m: Initializing ProtocolHandler ["http-nio-10001"]  
12-27 16:36:38.308 [34mINFO [0;39m --- [[1;32mmain[0;39m] [36mStandardService.log[0;39m: Starting service [Tomcat]  
12-27 16:36:38.309 [34mINFO [0;39m --- [[1;32mmain[0;39m] [36mStandardEngine.log[0;39m: Starting Servlet Engine: Apache Tomcat/8.5.34  
12-27 16:36:38.317 [34mINFO [0;39m --- [[1;32mlocalhost-startStop-1[0;39m] [36mAprLifecycleListener.log[0;39m: The APR based Apache Tomcat Native library which allows optimal performance in production environments was not found on the java.library.path: [/Users/xuliang/Library/Java/Extensions:/Library/Java/Extensions:/Network/Library/Java/Extensions:/System/Library/Java/Extensions:/usr/lib/java:.]  
12-27 16:36:38.527 [34mINFO [0;39m --- [[1;32mlocalhost-startStop-1[0;39m] [36m[/].log[0;39m: Initializing Spring embedded WebApplicationContext  
12-27 16:36:38.528 [34mINFO [0;39m --- [[1;32mlocalhost-startStop-1[0;39m] [36mContextLoader.prepareWebApplicationContext[0;39m: Root WebApplicationContext: initialization completed in 3331 ms  
12-27 16:36:39.537 [34mINFO [0;39m --- [[1;32mlocalhost-startStop-1[0;39m] [36mFilterRegistrationBean.configure[0;39m: Mapping filter: 'characterEncodingFilter' to: [/*]  
12-27 16:36:39.538 [34mINFO [0;39m --- [[1;32mlocalhost-startStop-1[0;39m] [36mFilterRegistrationBean.configure[0;39m: Mapping filter: 'webMvcMetricsFilter' to: [/*]  
12-27 16:36:39.539 [34mINFO [0;39m --- [[1;32mlocalhost-startStop-1[0;39m] [36mFilterRegistrationBean.configure[0;39m: Mapping filter: 'hiddenHttpMethodFilter' to: [/*]  
12-27 16:36:39.539 [34mINFO [0;39m --- [[1;32mlocalhost-startStop-1[0;39m] [36mFilterRegistrationBean.configure[0;39m: Mapping filter: 'httpPutFormContentFilter' to: [/*]  
12-27 16:36:39.539 [34mINFO [0;39m --- [[1;32mlocalhost-startStop-1[0;39m] [36mFilterRegistrationBean.configure[0;39m: Mapping filter: 'requestContextFilter' to: [/*]  
12-27 16:36:39.539 [34mINFO [0;39m --- [[1;32mlocalhost-startStop-1[0;39m] [36mFilterRegistrationBean.configure[0;39m: Mapping filter: 'httpTraceFilter' to: [/*]  
12-27 16:36:39.539 [34mINFO [0;39m --- [[1;32mlocalhost-startStop-1[0;39m] [36mServletRegistrationBean.addRegistration[0;39m: Servlet dispatcherServlet mapped to [/]  
12-27 16:36:39.727 [34mINFO [0;39m --- [[1;32mmain[0;39m] [36mTimerThread.<init>[0;39m: TimerThread:TimerThread = 全局同步线程:ClusterTcpServer  
12-27 16:36:39.728 [34mINFO [0;39m --- [[1;32m全局同步线程:ClusterTcpServer[0;39m] [36mTimerThread.start[0;39m: TimerThread:start=全局同步线程:ClusterTcpServer=heart=1000  
12-27 16:36:39.730 [1;31mERROR[0;39m --- [[1;32m全局同步线程:ClusterTcpServer[0;39m] [36mTimerThread.start[0;39m: TimerThread:end=全局同步线程:ClusterTcpServer=heart=1000  
12-27 16:36:39.953 [34mINFO [0;39m --- [[1;32mmain[0;39m] [36mSimpleUrlHandlerMapping.registerHandler[0;39m: Mapped URL path [/**/favicon.ico] onto handler of type [class org.springframework.web.servlet.resource.ResourceHttpRequestHandler]  
12-27 16:36:40.584 [34mINFO [0;39m --- [[1;32mmain[0;39m] [36mRequestMappingHandlerAdapter.initControllerAdviceCache[0;39m: Looking for @ControllerAdvice: org.springframework.boot.web.servlet.context.AnnotationConfigServletWebServerApplicationContext@4ba302e0: startup date [Fri Dec 27 16:36:35 CST 2019]; root of context hierarchy  
12-27 16:36:40.730 [34mINFO [0;39m --- [[1;32mmain[0;39m] [36mRequestMappingHandlerMapping.register[0;39m: Mapped "{[/error]}" onto public org.springframework.http.ResponseEntity<java.util.Map<java.lang.String, java.lang.Object>> org.springframework.boot.autoconfigure.web.servlet.error.BasicErrorController.error(javax.servlet.http.HttpServletRequest)  
12-27 16:36:40.732 [34mINFO [0;39m --- [[1;32mmain[0;39m] [36mRequestMappingHandlerMapping.register[0;39m: Mapped "{[/error],produces=[text/html]}" onto public org.springframework.web.servlet.ModelAndView org.springframework.boot.autoconfigure.web.servlet.error.BasicErrorController.errorHtml(javax.servlet.http.HttpServletRequest,javax.servlet.http.HttpServletResponse)  
12-27 16:36:40.805 [34mINFO [0;39m --- [[1;32mmain[0;39m] [36mSimpleUrlHandlerMapping.registerHandler[0;39m: Mapped URL path [/webjars/**] onto handler of type [class org.springframework.web.servlet.resource.ResourceHttpRequestHandler]  
12-27 16:36:40.810 [34mINFO [0;39m --- [[1;32mmain[0;39m] [36mSimpleUrlHandlerMapping.registerHandler[0;39m: Mapped URL path [/**] onto handler of type [class org.springframework.web.servlet.resource.ResourceHttpRequestHandler]  
12-27 16:36:41.646 [34mINFO [0;39m --- [[1;32mmain[0;39m] [36mcluster.info[0;39m: Cluster created with settings {hosts=[localhost:27017], mode=SINGLE, requiredClusterType=UNKNOWN, serverSelectionTimeout='30000 ms', maxWaitQueueSize=500}  
12-27 16:36:41.774 [34mINFO [0;39m --- [[1;32mcluster-ClusterId{value='5e05c299a3703ab5bb32206f', description='null'}-localhost:27017[0;39m] [36mconnection.info[0;39m: Opened connection [connectionId{localValue:1, serverValue:55}] to localhost:27017  
12-27 16:36:41.785 [34mINFO [0;39m --- [[1;32mcluster-ClusterId{value='5e05c299a3703ab5bb32206f', description='null'}-localhost:27017[0;39m] [36mcluster.info[0;39m: Monitor thread successfully connected to server with description ServerDescription{address=localhost:27017, type=STANDALONE, state=CONNECTED, ok=true, version=ServerVersion{versionList=[3, 6, 14]}, minWireVersion=0, maxWireVersion=6, maxDocumentSize=16777216, logicalSessionTimeoutMinutes=30, roundTripTimeNanos=7556867}  
12-27 16:36:42.156 [34mINFO [0;39m --- [[1;32mmain[0;39m] [36mEndpointLinksResolver.<init>[0;39m: Exposing 2 endpoint(s) beneath base path '/actuator'  
12-27 16:36:42.175 [34mINFO [0;39m --- [[1;32mmain[0;39m] [36mWebMvcEndpointHandlerMapping.register[0;39m: Mapped "{[/actuator/health],methods=[GET],produces=[application/vnd.spring-boot.actuator.v2+json || application/json]}" onto public java.lang.Object org.springframework.boot.actuate.endpoint.web.servlet.AbstractWebMvcEndpointHandlerMapping$OperationHandler.handle(javax.servlet.http.HttpServletRequest,java.util.Map<java.lang.String, java.lang.String>)  
12-27 16:36:42.177 [34mINFO [0;39m --- [[1;32mmain[0;39m] [36mWebMvcEndpointHandlerMapping.register[0;39m: Mapped "{[/actuator/info],methods=[GET],produces=[application/vnd.spring-boot.actuator.v2+json || application/json]}" onto public java.lang.Object org.springframework.boot.actuate.endpoint.web.servlet.AbstractWebMvcEndpointHandlerMapping$OperationHandler.handle(javax.servlet.http.HttpServletRequest,java.util.Map<java.lang.String, java.lang.String>)  
12-27 16:36:42.178 [34mINFO [0;39m --- [[1;32mmain[0;39m] [36mWebMvcEndpointHandlerMapping.register[0;39m: Mapped "{[/actuator],methods=[GET],produces=[application/vnd.spring-boot.actuator.v2+json || application/json]}" onto protected java.util.Map<java.lang.String, java.util.Map<java.lang.String, org.springframework.boot.actuate.endpoint.web.Link>> org.springframework.boot.actuate.endpoint.web.servlet.WebMvcEndpointHandlerMapping.links(javax.servlet.http.HttpServletRequest,javax.servlet.http.HttpServletResponse)  
12-27 16:36:42.251 [34mINFO [0;39m --- [[1;32mmain[0;39m] [36mAnnotationMBeanExporter.afterSingletonsInstantiated[0;39m: Registering beans for JMX exposure on startup  
12-27 16:36:42.280 [34mINFO [0;39m --- [[1;32mmain[0;39m] [36mHttp11NioProtocol.log[0;39m: Starting ProtocolHandler ["http-nio-10001"]  
12-27 16:36:42.304 [34mINFO [0;39m --- [[1;32mmain[0;39m] [36mNioSelectorPool.log[0;39m: Using a shared selector for servlet write/read  
12-27 16:36:42.337 [34mINFO [0;39m --- [[1;32mmain[0;39m] [36mTomcatWebServer.start[0;39m: Tomcat started on port(s): 10001 (http) with context path ''  
12-27 16:36:42.353 [34mINFO [0;39m --- [[1;32mmain[0;39m] [36mClusterApplication.logStarted[0;39m: Started ClusterApplication in 9.005 seconds (JVM running for 10.866)  
12-27 16:36:42.367 [34mINFO [0;39m --- [[1;32mThread-26[0;39m] [36mClusterServer.run[0;39m: ClusterServer::clusterHttpServer::start!!!  
12-27 16:36:42.368 [34mINFO [0;39m --- [[1;32mThread-26[0;39m] [36mClusterServer.run[0;39m: ClusterServer::clusterTcpServer::start!!!  
12-27 16:36:42.375 [34mINFO [0;39m --- [[1;32mThread-25[0;39m] [36mHttpHandlerMsgManager.addHandler[0;39m: [com.xl.game.model.server.ExitServerHandler]加载到http handler容器  
12-27 16:36:42.376 [34mINFO [0;39m --- [[1;32mThread-25[0;39m] [36mHttpHandlerMsgManager.addHandler[0;39m: [com.xl.game.model.server.JvmInfoHandler]加载到http handler容器  
12-27 16:36:42.379 [34mINFO [0;39m --- [[1;32mThread-25[0;39m] [36mHttpHandlerMsgManager.addHandler[0;39m: [com.xl.game.model.server.ThreadInfoHandler]加载到http handler容器  
12-27 16:36:42.381 [34mINFO [0;39m --- [[1;32mThread-25[0;39m] [36mHttpHandlerMsgManager.addHandler[0;39m: [com.xl.game.cluster.handler.http.GetGateIpHandler]加载到http handler容器  
12-27 16:36:42.382 [34mINFO [0;39m --- [[1;32mThread-25[0;39m] [36mHttpHandlerMsgManager.addHandler[0;39m: [com.xl.game.cluster.handler.http.GetHallIpHandler]加载到http handler容器  
12-27 16:36:42.383 [34mINFO [0;39m --- [[1;32mThread-25[0;39m] [36mHttpHandlerMsgManager.addHandler[0;39m: [com.xl.game.cluster.handler.http.ServerListHandler]加载到http handler容器  
12-27 16:36:42.385 [34mINFO [0;39m --- [[1;32mThread-25[0;39m] [36mHttpHandlerMsgManager.addHandler[0;39m: [com.xl.game.cluster.handler.http.SetServerStateHandler]加载到http handler容器  
12-27 16:36:42.404 [34mINFO [0;39m --- [[1;32mThread-25[0;39m] [36mHandlerInit.run[0;39m: http 处理器 tcp 处理器 初始化完成！  
12-27 16:36:42.419 [31mWARN [0;39m --- [[1;32mThread-31[0;39m] [36mHttpServer.run[0;39m: 已开始监听HTTP端口：8001  
12-27 16:36:42.419 [31mWARN [0;39m --- [[1;32mThread-28[0;39m] [36mTcpServer.run[0;39m: 已开始监听TCP端口：8000  
12-27 16:36:43.359 [34mINFO [0;39m --- [[1;32mRMI TCP Connection(4)-192.168.7.129[0;39m] [36m[/].log[0;39m: Initializing Spring FrameworkServlet 'dispatcherServlet'  
12-27 16:36:43.360 [34mINFO [0;39m --- [[1;32mRMI TCP Connection(4)-192.168.7.129[0;39m] [36mDispatcherServlet.initServletBean[0;39m: FrameworkServlet 'dispatcherServlet': initialization started  
12-27 16:36:43.370 [34mINFO [0;39m --- [[1;32mThread-26[0;39m] [36mClusterServer.run[0;39m: ---->集群服启动成功<----  
12-27 16:36:43.396 [34mINFO [0;39m --- [[1;32mRMI TCP Connection(4)-192.168.7.129[0;39m] [36mDispatcherServlet.initServletBean[0;39m: FrameworkServlet 'dispatcherServlet': initialization completed in 36 ms  
12-27 16:36:59.517 [34mINFO [0;39m --- [[1;32mThread-24[0;39m] [36mAnnotationConfigServletWebServerApplicationContext.doClose[0;39m: Closing org.springframework.boot.web.servlet.context.AnnotationConfigServletWebServerApplicationContext@4ba302e0: startup date [Fri Dec 27 16:36:35 CST 2019]; root of context hierarchy  
12-27 16:36:59.520 [31mWARN [0;39m --- [[1;32mThread-30[0;39m] [36mServerThread.stop[0;39m: 线程全局同步线程:ClusterTcpServer停止  
12-27 16:36:59.520 [31mWARN [0;39m --- [[1;32mThread-29[0;39m] [36mServerThread.stop[0;39m: 线程全局同步线程:ClusterHttpServer停止  
12-27 16:36:59.520 [1;31mERROR[0;39m --- [[1;32mThread-30[0;39m] [36mTimerThread.stop[0;39m: TimerThread:stop=全局同步线程:ClusterTcpServer=flag=1  
12-27 16:36:59.525 [34mINFO [0;39m --- [[1;32mThread-24[0;39m] [36mAnnotationMBeanExporter.destroy[0;39m: Unregistering JMX-exposed beans on shutdown  
12-27 17:08:54.873 [34mINFO [0;39m --- [[1;32mmain[0;39m] [36mClusterApplication.logStarting[0;39m: Starting ClusterApplication on xuliangdeMacBook-Air.local with PID 47826 (/Users/xuliang/Documents/game-server/game-fish/game-cluster/target/classes started by xuliang in /Users/xuliang/Documents/game-server/game-fish)  
12-27 17:08:54.889 [34mINFO [0;39m --- [[1;32mmain[0;39m] [36mClusterApplication.logStartupProfileInfo[0;39m: The following profiles are active: dev  
12-27 17:08:55.056 [34mINFO [0;39m --- [[1;32mmain[0;39m] [36mAnnotationConfigServletWebServerApplicationContext.prepareRefresh[0;39m: Refreshing org.springframework.boot.web.servlet.context.AnnotationConfigServletWebServerApplicationContext@6f152006: startup date [Fri Dec 27 17:08:55 CST 2019]; root of context hierarchy  
12-27 17:08:58.073 [34mINFO [0;39m --- [[1;32mmain[0;39m] [36mTomcatWebServer.initialize[0;39m: Tomcat initialized with port(s): 10001 (http)  
12-27 17:08:58.118 [34mINFO [0;39m --- [[1;32mmain[0;39m] [36mHttp11NioProtocol.log[0;39m: Initializing ProtocolHandler ["http-nio-10001"]  
12-27 17:08:58.141 [34mINFO [0;39m --- [[1;32mmain[0;39m] [36mStandardService.log[0;39m: Starting service [Tomcat]  
12-27 17:08:58.142 [34mINFO [0;39m --- [[1;32mmain[0;39m] [36mStandardEngine.log[0;39m: Starting Servlet Engine: Apache Tomcat/8.5.34  
12-27 17:08:58.150 [34mINFO [0;39m --- [[1;32mlocalhost-startStop-1[0;39m] [36mAprLifecycleListener.log[0;39m: The APR based Apache Tomcat Native library which allows optimal performance in production environments was not found on the java.library.path: [/Users/xuliang/Library/Java/Extensions:/Library/Java/Extensions:/Network/Library/Java/Extensions:/System/Library/Java/Extensions:/usr/lib/java:.]  
12-27 17:08:58.355 [34mINFO [0;39m --- [[1;32mlocalhost-startStop-1[0;39m] [36m[/].log[0;39m: Initializing Spring embedded WebApplicationContext  
12-27 17:08:58.356 [34mINFO [0;39m --- [[1;32mlocalhost-startStop-1[0;39m] [36mContextLoader.prepareWebApplicationContext[0;39m: Root WebApplicationContext: initialization completed in 3300 ms  
12-27 17:08:59.277 [34mINFO [0;39m --- [[1;32mlocalhost-startStop-1[0;39m] [36mFilterRegistrationBean.configure[0;39m: Mapping filter: 'characterEncodingFilter' to: [/*]  
12-27 17:08:59.278 [34mINFO [0;39m --- [[1;32mlocalhost-startStop-1[0;39m] [36mFilterRegistrationBean.configure[0;39m: Mapping filter: 'webMvcMetricsFilter' to: [/*]  
12-27 17:08:59.278 [34mINFO [0;39m --- [[1;32mlocalhost-startStop-1[0;39m] [36mFilterRegistrationBean.configure[0;39m: Mapping filter: 'hiddenHttpMethodFilter' to: [/*]  
12-27 17:08:59.278 [34mINFO [0;39m --- [[1;32mlocalhost-startStop-1[0;39m] [36mFilterRegistrationBean.configure[0;39m: Mapping filter: 'httpPutFormContentFilter' to: [/*]  
12-27 17:08:59.278 [34mINFO [0;39m --- [[1;32mlocalhost-startStop-1[0;39m] [36mFilterRegistrationBean.configure[0;39m: Mapping filter: 'requestContextFilter' to: [/*]  
12-27 17:08:59.279 [34mINFO [0;39m --- [[1;32mlocalhost-startStop-1[0;39m] [36mFilterRegistrationBean.configure[0;39m: Mapping filter: 'httpTraceFilter' to: [/*]  
12-27 17:08:59.279 [34mINFO [0;39m --- [[1;32mlocalhost-startStop-1[0;39m] [36mServletRegistrationBean.addRegistration[0;39m: Servlet dispatcherServlet mapped to [/]  
12-27 17:08:59.529 [34mINFO [0;39m --- [[1;32mmain[0;39m] [36mTimerThread.<init>[0;39m: TimerThread:TimerThread = 全局同步线程:ClusterTcpServer  
12-27 17:08:59.534 [34mINFO [0;39m --- [[1;32m全局同步线程:ClusterTcpServer[0;39m] [36mTimerThread.start[0;39m: TimerThread:start=全局同步线程:ClusterTcpServer=heart=1000  
12-27 17:08:59.539 [1;31mERROR[0;39m --- [[1;32m全局同步线程:ClusterTcpServer[0;39m] [36mTimerThread.start[0;39m: TimerThread:end=全局同步线程:ClusterTcpServer=heart=1000  
12-27 17:08:59.684 [34mINFO [0;39m --- [[1;32mmain[0;39m] [36mSimpleUrlHandlerMapping.registerHandler[0;39m: Mapped URL path [/**/favicon.ico] onto handler of type [class org.springframework.web.servlet.resource.ResourceHttpRequestHandler]  
12-27 17:09:00.259 [34mINFO [0;39m --- [[1;32mmain[0;39m] [36mRequestMappingHandlerAdapter.initControllerAdviceCache[0;39m: Looking for @ControllerAdvice: org.springframework.boot.web.servlet.context.AnnotationConfigServletWebServerApplicationContext@6f152006: startup date [Fri Dec 27 17:08:55 CST 2019]; root of context hierarchy  
12-27 17:09:00.397 [34mINFO [0;39m --- [[1;32mmain[0;39m] [36mRequestMappingHandlerMapping.register[0;39m: Mapped "{[/error]}" onto public org.springframework.http.ResponseEntity<java.util.Map<java.lang.String, java.lang.Object>> org.springframework.boot.autoconfigure.web.servlet.error.BasicErrorController.error(javax.servlet.http.HttpServletRequest)  
12-27 17:09:00.399 [34mINFO [0;39m --- [[1;32mmain[0;39m] [36mRequestMappingHandlerMapping.register[0;39m: Mapped "{[/error],produces=[text/html]}" onto public org.springframework.web.servlet.ModelAndView org.springframework.boot.autoconfigure.web.servlet.error.BasicErrorController.errorHtml(javax.servlet.http.HttpServletRequest,javax.servlet.http.HttpServletResponse)  
12-27 17:09:00.440 [34mINFO [0;39m --- [[1;32mmain[0;39m] [36mSimpleUrlHandlerMapping.registerHandler[0;39m: Mapped URL path [/webjars/**] onto handler of type [class org.springframework.web.servlet.resource.ResourceHttpRequestHandler]  
12-27 17:09:00.441 [34mINFO [0;39m --- [[1;32mmain[0;39m] [36mSimpleUrlHandlerMapping.registerHandler[0;39m: Mapped URL path [/**] onto handler of type [class org.springframework.web.servlet.resource.ResourceHttpRequestHandler]  
12-27 17:09:01.399 [34mINFO [0;39m --- [[1;32mmain[0;39m] [36mcluster.info[0;39m: Cluster created with settings {hosts=[localhost:27017], mode=SINGLE, requiredClusterType=UNKNOWN, serverSelectionTimeout='30000 ms', maxWaitQueueSize=500}  
12-27 17:09:01.539 [34mINFO [0;39m --- [[1;32mcluster-ClusterId{value='5e05ca2da3703abad25a0047', description='null'}-localhost:27017[0;39m] [36mconnection.info[0;39m: Opened connection [connectionId{localValue:1, serverValue:56}] to localhost:27017  
12-27 17:09:01.551 [34mINFO [0;39m --- [[1;32mcluster-ClusterId{value='5e05ca2da3703abad25a0047', description='null'}-localhost:27017[0;39m] [36mcluster.info[0;39m: Monitor thread successfully connected to server with description ServerDescription{address=localhost:27017, type=STANDALONE, state=CONNECTED, ok=true, version=ServerVersion{versionList=[3, 6, 14]}, minWireVersion=0, maxWireVersion=6, maxDocumentSize=16777216, logicalSessionTimeoutMinutes=30, roundTripTimeNanos=7623944}  
12-27 17:09:01.916 [34mINFO [0;39m --- [[1;32mmain[0;39m] [36mEndpointLinksResolver.<init>[0;39m: Exposing 2 endpoint(s) beneath base path '/actuator'  
12-27 17:09:01.932 [34mINFO [0;39m --- [[1;32mmain[0;39m] [36mWebMvcEndpointHandlerMapping.register[0;39m: Mapped "{[/actuator/health],methods=[GET],produces=[application/vnd.spring-boot.actuator.v2+json || application/json]}" onto public java.lang.Object org.springframework.boot.actuate.endpoint.web.servlet.AbstractWebMvcEndpointHandlerMapping$OperationHandler.handle(javax.servlet.http.HttpServletRequest,java.util.Map<java.lang.String, java.lang.String>)  
12-27 17:09:01.934 [34mINFO [0;39m --- [[1;32mmain[0;39m] [36mWebMvcEndpointHandlerMapping.register[0;39m: Mapped "{[/actuator/info],methods=[GET],produces=[application/vnd.spring-boot.actuator.v2+json || application/json]}" onto public java.lang.Object org.springframework.boot.actuate.endpoint.web.servlet.AbstractWebMvcEndpointHandlerMapping$OperationHandler.handle(javax.servlet.http.HttpServletRequest,java.util.Map<java.lang.String, java.lang.String>)  
12-27 17:09:01.936 [34mINFO [0;39m --- [[1;32mmain[0;39m] [36mWebMvcEndpointHandlerMapping.register[0;39m: Mapped "{[/actuator],methods=[GET],produces=[application/vnd.spring-boot.actuator.v2+json || application/json]}" onto protected java.util.Map<java.lang.String, java.util.Map<java.lang.String, org.springframework.boot.actuate.endpoint.web.Link>> org.springframework.boot.actuate.endpoint.web.servlet.WebMvcEndpointHandlerMapping.links(javax.servlet.http.HttpServletRequest,javax.servlet.http.HttpServletResponse)  
12-27 17:09:02.015 [34mINFO [0;39m --- [[1;32mmain[0;39m] [36mAnnotationMBeanExporter.afterSingletonsInstantiated[0;39m: Registering beans for JMX exposure on startup  
12-27 17:09:02.043 [34mINFO [0;39m --- [[1;32mmain[0;39m] [36mHttp11NioProtocol.log[0;39m: Starting ProtocolHandler ["http-nio-10001"]  
12-27 17:09:02.066 [34mINFO [0;39m --- [[1;32mmain[0;39m] [36mNioSelectorPool.log[0;39m: Using a shared selector for servlet write/read  
12-27 17:09:02.095 [34mINFO [0;39m --- [[1;32mmain[0;39m] [36mTomcatWebServer.start[0;39m: Tomcat started on port(s): 10001 (http) with context path ''  
12-27 17:09:02.103 [34mINFO [0;39m --- [[1;32mmain[0;39m] [36mClusterApplication.logStarted[0;39m: Started ClusterApplication in 8.846 seconds (JVM running for 10.611)  
12-27 17:09:02.110 [34mINFO [0;39m --- [[1;32mThread-26[0;39m] [36mClusterServer.run[0;39m: ClusterServer::clusterHttpServer::start!!!  
12-27 17:09:02.111 [34mINFO [0;39m --- [[1;32mThread-26[0;39m] [36mClusterServer.run[0;39m: ClusterServer::clusterTcpServer::start!!!  
12-27 17:09:02.120 [34mINFO [0;39m --- [[1;32mThread-25[0;39m] [36mHttpHandlerMsgManager.addHandler[0;39m: [com.xl.game.model.server.ExitServerHandler]加载到http handler容器  
12-27 17:09:02.121 [34mINFO [0;39m --- [[1;32mThread-25[0;39m] [36mHttpHandlerMsgManager.addHandler[0;39m: [com.xl.game.model.server.JvmInfoHandler]加载到http handler容器  
12-27 17:09:02.124 [34mINFO [0;39m --- [[1;32mThread-25[0;39m] [36mHttpHandlerMsgManager.addHandler[0;39m: [com.xl.game.model.server.ThreadInfoHandler]加载到http handler容器  
12-27 17:09:02.126 [34mINFO [0;39m --- [[1;32mThread-25[0;39m] [36mHttpHandlerMsgManager.addHandler[0;39m: [com.xl.game.cluster.handler.http.GetGateIpHandler]加载到http handler容器  
12-27 17:09:02.127 [34mINFO [0;39m --- [[1;32mThread-25[0;39m] [36mHttpHandlerMsgManager.addHandler[0;39m: [com.xl.game.cluster.handler.http.GetHallIpHandler]加载到http handler容器  
12-27 17:09:02.130 [34mINFO [0;39m --- [[1;32mThread-25[0;39m] [36mHttpHandlerMsgManager.addHandler[0;39m: [com.xl.game.cluster.handler.http.ServerListHandler]加载到http handler容器  
12-27 17:09:02.131 [34mINFO [0;39m --- [[1;32mThread-25[0;39m] [36mHttpHandlerMsgManager.addHandler[0;39m: [com.xl.game.cluster.handler.http.SetServerStateHandler]加载到http handler容器  
12-27 17:09:02.150 [34mINFO [0;39m --- [[1;32mThread-25[0;39m] [36mHandlerInit.run[0;39m: http 处理器 tcp 处理器 初始化完成！  
12-27 17:09:02.187 [31mWARN [0;39m --- [[1;32mThread-28[0;39m] [36mTcpServer.run[0;39m: 已开始监听TCP端口：8000  
12-27 17:09:02.187 [31mWARN [0;39m --- [[1;32mThread-31[0;39m] [36mHttpServer.run[0;39m: 已开始监听HTTP端口：8001  
12-27 17:09:02.568 [1;31mERROR[0;39m --- [[1;32m全局同步线程:ClusterTcpServer[0;39m] [36mServerThread.run[0;39m: ServerThread[全局同步线程:ClusterTcpServer]执行任务错误   
java.lang.NullPointerException: null
	at com.xl.game.util.SpringUtil.getBean(SpringUtil.java:40)
	at com.xl.game.cluster.timer.ServerInfoHeartTimer.hourHandler(ServerInfoHeartTimer.java:39)
	at com.xl.game.thread.timer.events.ServerHeartTimer.run(ServerHeartTimer.java:65)
	at com.xl.game.thread.ServerThread.run(ServerThread.java:142)
12-27 17:09:03.112 [34mINFO [0;39m --- [[1;32mThread-26[0;39m] [36mClusterServer.run[0;39m: ---->集群服启动成功<----  
12-27 17:09:03.427 [34mINFO [0;39m --- [[1;32mRMI TCP Connection(5)-192.168.7.129[0;39m] [36m[/].log[0;39m: Initializing Spring FrameworkServlet 'dispatcherServlet'  
12-27 17:09:03.428 [34mINFO [0;39m --- [[1;32mRMI TCP Connection(5)-192.168.7.129[0;39m] [36mDispatcherServlet.initServletBean[0;39m: FrameworkServlet 'dispatcherServlet': initialization started  
12-27 17:09:03.480 [34mINFO [0;39m --- [[1;32mRMI TCP Connection(5)-192.168.7.129[0;39m] [36mDispatcherServlet.initServletBean[0;39m: FrameworkServlet 'dispatcherServlet': initialization completed in 51 ms  
12-27 17:09:15.359 [34mINFO [0;39m --- [[1;32mThread-24[0;39m] [36mAnnotationConfigServletWebServerApplicationContext.doClose[0;39m: Closing org.springframework.boot.web.servlet.context.AnnotationConfigServletWebServerApplicationContext@6f152006: startup date [Fri Dec 27 17:08:55 CST 2019]; root of context hierarchy  
12-27 17:09:15.359 [31mWARN [0;39m --- [[1;32mThread-29[0;39m] [36mServerThread.stop[0;39m: 线程全局同步线程:ClusterHttpServer停止  
12-27 17:09:15.359 [31mWARN [0;39m --- [[1;32mThread-30[0;39m] [36mServerThread.stop[0;39m: 线程全局同步线程:ClusterTcpServer停止  
12-27 17:09:15.362 [1;31mERROR[0;39m --- [[1;32mThread-30[0;39m] [36mTimerThread.stop[0;39m: TimerThread:stop=全局同步线程:ClusterTcpServer=flag=1  
12-27 17:09:15.365 [34mINFO [0;39m --- [[1;32mThread-24[0;39m] [36mAnnotationMBeanExporter.destroy[0;39m: Unregistering JMX-exposed beans on shutdown  
12-27 17:10:10.939 [34mINFO [0;39m --- [[1;32mmain[0;39m] [36mClusterApplication.logStarting[0;39m: Starting ClusterApplication on xuliangdeMacBook-Air.local with PID 47874 (/Users/xuliang/Documents/game-server/game-fish/game-cluster/target/classes started by xuliang in /Users/xuliang/Documents/game-server/game-fish)  
12-27 17:10:10.951 [34mINFO [0;39m --- [[1;32mmain[0;39m] [36mClusterApplication.logStartupProfileInfo[0;39m: The following profiles are active: dev  
12-27 17:10:11.120 [34mINFO [0;39m --- [[1;32mmain[0;39m] [36mAnnotationConfigServletWebServerApplicationContext.prepareRefresh[0;39m: Refreshing org.springframework.boot.web.servlet.context.AnnotationConfigServletWebServerApplicationContext@604c5de8: startup date [Fri Dec 27 17:10:11 CST 2019]; root of context hierarchy  
12-27 17:10:14.087 [34mINFO [0;39m --- [[1;32mmain[0;39m] [36mTomcatWebServer.initialize[0;39m: Tomcat initialized with port(s): 10001 (http)  
12-27 17:10:14.106 [34mINFO [0;39m --- [[1;32mmain[0;39m] [36mHttp11NioProtocol.log[0;39m: Initializing ProtocolHandler ["http-nio-10001"]  
12-27 17:10:14.121 [34mINFO [0;39m --- [[1;32mmain[0;39m] [36mStandardService.log[0;39m: Starting service [Tomcat]  
12-27 17:10:14.121 [34mINFO [0;39m --- [[1;32mmain[0;39m] [36mStandardEngine.log[0;39m: Starting Servlet Engine: Apache Tomcat/8.5.34  
12-27 17:10:14.131 [34mINFO [0;39m --- [[1;32mlocalhost-startStop-1[0;39m] [36mAprLifecycleListener.log[0;39m: The APR based Apache Tomcat Native library which allows optimal performance in production environments was not found on the java.library.path: [/Users/xuliang/Library/Java/Extensions:/Library/Java/Extensions:/Network/Library/Java/Extensions:/System/Library/Java/Extensions:/usr/lib/java:.]  
12-27 17:10:14.273 [34mINFO [0;39m --- [[1;32mlocalhost-startStop-1[0;39m] [36m[/].log[0;39m: Initializing Spring embedded WebApplicationContext  
12-27 17:10:14.274 [34mINFO [0;39m --- [[1;32mlocalhost-startStop-1[0;39m] [36mContextLoader.prepareWebApplicationContext[0;39m: Root WebApplicationContext: initialization completed in 3154 ms  
12-27 17:10:15.326 [34mINFO [0;39m --- [[1;32mlocalhost-startStop-1[0;39m] [36mFilterRegistrationBean.configure[0;39m: Mapping filter: 'characterEncodingFilter' to: [/*]  
12-27 17:10:15.327 [34mINFO [0;39m --- [[1;32mlocalhost-startStop-1[0;39m] [36mFilterRegistrationBean.configure[0;39m: Mapping filter: 'webMvcMetricsFilter' to: [/*]  
12-27 17:10:15.327 [34mINFO [0;39m --- [[1;32mlocalhost-startStop-1[0;39m] [36mFilterRegistrationBean.configure[0;39m: Mapping filter: 'hiddenHttpMethodFilter' to: [/*]  
12-27 17:10:15.328 [34mINFO [0;39m --- [[1;32mlocalhost-startStop-1[0;39m] [36mFilterRegistrationBean.configure[0;39m: Mapping filter: 'httpPutFormContentFilter' to: [/*]  
12-27 17:10:15.328 [34mINFO [0;39m --- [[1;32mlocalhost-startStop-1[0;39m] [36mFilterRegistrationBean.configure[0;39m: Mapping filter: 'requestContextFilter' to: [/*]  
12-27 17:10:15.328 [34mINFO [0;39m --- [[1;32mlocalhost-startStop-1[0;39m] [36mFilterRegistrationBean.configure[0;39m: Mapping filter: 'httpTraceFilter' to: [/*]  
12-27 17:10:15.328 [34mINFO [0;39m --- [[1;32mlocalhost-startStop-1[0;39m] [36mServletRegistrationBean.addRegistration[0;39m: Servlet dispatcherServlet mapped to [/]  
12-27 17:10:15.629 [34mINFO [0;39m --- [[1;32mmain[0;39m] [36mTimerThread.<init>[0;39m: TimerThread:TimerThread = 全局同步线程:ClusterTcpServer  
12-27 17:10:15.633 [34mINFO [0;39m --- [[1;32m全局同步线程:ClusterTcpServer[0;39m] [36mTimerThread.start[0;39m: TimerThread:start=全局同步线程:ClusterTcpServer=heart=1000  
12-27 17:10:15.638 [1;31mERROR[0;39m --- [[1;32m全局同步线程:ClusterTcpServer[0;39m] [36mTimerThread.start[0;39m: TimerThread:end=全局同步线程:ClusterTcpServer=heart=1000  
12-27 17:10:15.770 [34mINFO [0;39m --- [[1;32mmain[0;39m] [36mSimpleUrlHandlerMapping.registerHandler[0;39m: Mapped URL path [/**/favicon.ico] onto handler of type [class org.springframework.web.servlet.resource.ResourceHttpRequestHandler]  
12-27 17:10:16.373 [34mINFO [0;39m --- [[1;32mmain[0;39m] [36mRequestMappingHandlerAdapter.initControllerAdviceCache[0;39m: Looking for @ControllerAdvice: org.springframework.boot.web.servlet.context.AnnotationConfigServletWebServerApplicationContext@604c5de8: startup date [Fri Dec 27 17:10:11 CST 2019]; root of context hierarchy  
12-27 17:10:16.464 [34mINFO [0;39m --- [[1;32mmain[0;39m] [36mRequestMappingHandlerMapping.register[0;39m: Mapped "{[/error]}" onto public org.springframework.http.ResponseEntity<java.util.Map<java.lang.String, java.lang.Object>> org.springframework.boot.autoconfigure.web.servlet.error.BasicErrorController.error(javax.servlet.http.HttpServletRequest)  
12-27 17:10:16.466 [34mINFO [0;39m --- [[1;32mmain[0;39m] [36mRequestMappingHandlerMapping.register[0;39m: Mapped "{[/error],produces=[text/html]}" onto public org.springframework.web.servlet.ModelAndView org.springframework.boot.autoconfigure.web.servlet.error.BasicErrorController.errorHtml(javax.servlet.http.HttpServletRequest,javax.servlet.http.HttpServletResponse)  
12-27 17:10:16.503 [34mINFO [0;39m --- [[1;32mmain[0;39m] [36mSimpleUrlHandlerMapping.registerHandler[0;39m: Mapped URL path [/webjars/**] onto handler of type [class org.springframework.web.servlet.resource.ResourceHttpRequestHandler]  
12-27 17:10:16.503 [34mINFO [0;39m --- [[1;32mmain[0;39m] [36mSimpleUrlHandlerMapping.registerHandler[0;39m: Mapped URL path [/**] onto handler of type [class org.springframework.web.servlet.resource.ResourceHttpRequestHandler]  
12-27 17:10:17.232 [34mINFO [0;39m --- [[1;32mmain[0;39m] [36mcluster.info[0;39m: Cluster created with settings {hosts=[localhost:27017], mode=SINGLE, requiredClusterType=UNKNOWN, serverSelectionTimeout='30000 ms', maxWaitQueueSize=500}  
12-27 17:10:17.375 [34mINFO [0;39m --- [[1;32mcluster-ClusterId{value='5e05ca79a3703abb02ca11e2', description='null'}-localhost:27017[0;39m] [36mconnection.info[0;39m: Opened connection [connectionId{localValue:1, serverValue:57}] to localhost:27017  
12-27 17:10:17.386 [34mINFO [0;39m --- [[1;32mcluster-ClusterId{value='5e05ca79a3703abb02ca11e2', description='null'}-localhost:27017[0;39m] [36mcluster.info[0;39m: Monitor thread successfully connected to server with description ServerDescription{address=localhost:27017, type=STANDALONE, state=CONNECTED, ok=true, version=ServerVersion{versionList=[3, 6, 14]}, minWireVersion=0, maxWireVersion=6, maxDocumentSize=16777216, logicalSessionTimeoutMinutes=30, roundTripTimeNanos=7536669}  
12-27 17:10:17.759 [34mINFO [0;39m --- [[1;32mmain[0;39m] [36mEndpointLinksResolver.<init>[0;39m: Exposing 2 endpoint(s) beneath base path '/actuator'  
12-27 17:10:17.778 [34mINFO [0;39m --- [[1;32mmain[0;39m] [36mWebMvcEndpointHandlerMapping.register[0;39m: Mapped "{[/actuator/health],methods=[GET],produces=[application/vnd.spring-boot.actuator.v2+json || application/json]}" onto public java.lang.Object org.springframework.boot.actuate.endpoint.web.servlet.AbstractWebMvcEndpointHandlerMapping$OperationHandler.handle(javax.servlet.http.HttpServletRequest,java.util.Map<java.lang.String, java.lang.String>)  
12-27 17:10:17.780 [34mINFO [0;39m --- [[1;32mmain[0;39m] [36mWebMvcEndpointHandlerMapping.register[0;39m: Mapped "{[/actuator/info],methods=[GET],produces=[application/vnd.spring-boot.actuator.v2+json || application/json]}" onto public java.lang.Object org.springframework.boot.actuate.endpoint.web.servlet.AbstractWebMvcEndpointHandlerMapping$OperationHandler.handle(javax.servlet.http.HttpServletRequest,java.util.Map<java.lang.String, java.lang.String>)  
12-27 17:10:17.781 [34mINFO [0;39m --- [[1;32mmain[0;39m] [36mWebMvcEndpointHandlerMapping.register[0;39m: Mapped "{[/actuator],methods=[GET],produces=[application/vnd.spring-boot.actuator.v2+json || application/json]}" onto protected java.util.Map<java.lang.String, java.util.Map<java.lang.String, org.springframework.boot.actuate.endpoint.web.Link>> org.springframework.boot.actuate.endpoint.web.servlet.WebMvcEndpointHandlerMapping.links(javax.servlet.http.HttpServletRequest,javax.servlet.http.HttpServletResponse)  
12-27 17:10:17.889 [34mINFO [0;39m --- [[1;32mmain[0;39m] [36mAnnotationMBeanExporter.afterSingletonsInstantiated[0;39m: Registering beans for JMX exposure on startup  
12-27 17:10:17.920 [34mINFO [0;39m --- [[1;32mmain[0;39m] [36mHttp11NioProtocol.log[0;39m: Starting ProtocolHandler ["http-nio-10001"]  
12-27 17:10:17.944 [34mINFO [0;39m --- [[1;32mmain[0;39m] [36mNioSelectorPool.log[0;39m: Using a shared selector for servlet write/read  
12-27 17:10:17.979 [34mINFO [0;39m --- [[1;32mmain[0;39m] [36mTomcatWebServer.start[0;39m: Tomcat started on port(s): 10001 (http) with context path ''  
12-27 17:10:17.989 [34mINFO [0;39m --- [[1;32mmain[0;39m] [36mClusterApplication.logStarted[0;39m: Started ClusterApplication in 9.159 seconds (JVM running for 10.763)  
12-27 17:10:18.009 [34mINFO [0;39m --- [[1;32mThread-26[0;39m] [36mClusterServer.run[0;39m: ClusterServer::clusterHttpServer::start!!!  
12-27 17:10:18.010 [34mINFO [0;39m --- [[1;32mThread-26[0;39m] [36mClusterServer.run[0;39m: ClusterServer::clusterTcpServer::start!!!  
12-27 17:10:18.019 [34mINFO [0;39m --- [[1;32mThread-25[0;39m] [36mHttpHandlerMsgManager.addHandler[0;39m: [com.xl.game.model.server.ExitServerHandler]加载到http handler容器  
12-27 17:10:18.028 [34mINFO [0;39m --- [[1;32mThread-25[0;39m] [36mHttpHandlerMsgManager.addHandler[0;39m: [com.xl.game.model.server.JvmInfoHandler]加载到http handler容器  
12-27 17:10:18.031 [34mINFO [0;39m --- [[1;32mThread-25[0;39m] [36mHttpHandlerMsgManager.addHandler[0;39m: [com.xl.game.model.server.ThreadInfoHandler]加载到http handler容器  
12-27 17:10:18.033 [34mINFO [0;39m --- [[1;32mThread-25[0;39m] [36mHttpHandlerMsgManager.addHandler[0;39m: [com.xl.game.cluster.handler.http.GetGateIpHandler]加载到http handler容器  
12-27 17:10:18.037 [34mINFO [0;39m --- [[1;32mThread-25[0;39m] [36mHttpHandlerMsgManager.addHandler[0;39m: [com.xl.game.cluster.handler.http.GetHallIpHandler]加载到http handler容器  
12-27 17:10:18.040 [34mINFO [0;39m --- [[1;32mThread-25[0;39m] [36mHttpHandlerMsgManager.addHandler[0;39m: [com.xl.game.cluster.handler.http.ServerListHandler]加载到http handler容器  
12-27 17:10:18.042 [34mINFO [0;39m --- [[1;32mThread-25[0;39m] [36mHttpHandlerMsgManager.addHandler[0;39m: [com.xl.game.cluster.handler.http.SetServerStateHandler]加载到http handler容器  
12-27 17:10:18.076 [34mINFO [0;39m --- [[1;32mThread-25[0;39m] [36mHandlerInit.run[0;39m: http 处理器 tcp 处理器 初始化完成！  
12-27 17:10:18.099 [31mWARN [0;39m --- [[1;32mThread-31[0;39m] [36mHttpServer.run[0;39m: 已开始监听HTTP端口：8001  
12-27 17:10:18.099 [31mWARN [0;39m --- [[1;32mThread-28[0;39m] [36mTcpServer.run[0;39m: 已开始监听TCP端口：8000  
12-27 17:10:18.957 [34mINFO [0;39m --- [[1;32mRMI TCP Connection(6)-192.168.7.129[0;39m] [36m[/].log[0;39m: Initializing Spring FrameworkServlet 'dispatcherServlet'  
12-27 17:10:18.958 [34mINFO [0;39m --- [[1;32mRMI TCP Connection(6)-192.168.7.129[0;39m] [36mDispatcherServlet.initServletBean[0;39m: FrameworkServlet 'dispatcherServlet': initialization started  
12-27 17:10:18.988 [34mINFO [0;39m --- [[1;32mRMI TCP Connection(6)-192.168.7.129[0;39m] [36mDispatcherServlet.initServletBean[0;39m: FrameworkServlet 'dispatcherServlet': initialization completed in 29 ms  
12-27 17:10:19.014 [34mINFO [0;39m --- [[1;32mThread-26[0;39m] [36mClusterServer.run[0;39m: ---->集群服启动成功<----  
12-27 17:10:42.448 [34mINFO [0;39m --- [[1;32mThread-24[0;39m] [36mAnnotationConfigServletWebServerApplicationContext.doClose[0;39m: Closing org.springframework.boot.web.servlet.context.AnnotationConfigServletWebServerApplicationContext@604c5de8: startup date [Fri Dec 27 17:10:11 CST 2019]; root of context hierarchy  
12-27 17:10:42.448 [31mWARN [0;39m --- [[1;32mThread-30[0;39m] [36mServerThread.stop[0;39m: 线程全局同步线程:ClusterTcpServer停止  
12-27 17:10:42.448 [31mWARN [0;39m --- [[1;32mThread-29[0;39m] [36mServerThread.stop[0;39m: 线程全局同步线程:ClusterHttpServer停止  
12-27 17:10:42.452 [1;31mERROR[0;39m --- [[1;32mThread-30[0;39m] [36mTimerThread.stop[0;39m: TimerThread:stop=全局同步线程:ClusterTcpServer=flag=1  
12-27 17:10:42.458 [34mINFO [0;39m --- [[1;32mThread-24[0;39m] [36mAnnotationMBeanExporter.destroy[0;39m: Unregistering JMX-exposed beans on shutdown  
